CRITICAL - 2023-09-06 05:45:45 --> Call to undefined method App\Models\DaftarRoleModel::save_role
in SYSTEMPATH\Model.php on line 838.
 1 APPPATH\Controllers\DaftarRoleController.php(33): CodeIgniter\Model->__call('save_role', [...])
 2 SYSTEMPATH\CodeIgniter.php(932): App\Controllers\DaftarRoleController->save_role()
 3 SYSTEMPATH\CodeIgniter.php(497): CodeIgniter\CodeIgniter->runController(Object(App\Controllers\DaftarRoleController))
 4 SYSTEMPATH\CodeIgniter.php(366): CodeIgniter\CodeIgniter->handleRequest(null, Object(Config\Cache), false)
 5 FCPATH\index.php(67): CodeIgniter\CodeIgniter->run()
 6 SYSTEMPATH\Commands\Server\rewrite.php(47): require_once('D:\\SKYWORX\\Project\\good-year-new\\GoodYear\\public\\index.php')
CRITICAL - 2023-09-06 05:47:53 --> You must set the database table to be used with your query.
in SYSTEMPATH\Database\BaseConnection.php on line 883.
 1 SYSTEMPATH\Model.php(642): CodeIgniter\Database\BaseConnection->table(null)
 2 SYSTEMPATH\Model.php(828): CodeIgniter\Model->builder()
 3 APPPATH\Controllers\DaftarRoleController.php(33): CodeIgniter\Model->__call('save_role', [...])
 4 SYSTEMPATH\CodeIgniter.php(932): App\Controllers\DaftarRoleController->save_role()
 5 SYSTEMPATH\CodeIgniter.php(497): CodeIgniter\CodeIgniter->runController(Object(App\Controllers\DaftarRoleController))
 6 SYSTEMPATH\CodeIgniter.php(366): CodeIgniter\CodeIgniter->handleRequest(null, Object(Config\Cache), false)
 7 FCPATH\index.php(67): CodeIgniter\CodeIgniter->run()
 8 SYSTEMPATH\Commands\Server\rewrite.php(47): require_once('D:\\SKYWORX\\Project\\good-year-new\\GoodYear\\public\\index.php')
CRITICAL - 2023-09-06 05:53:34 --> Undefined variable $news
in APPPATH\Views\isihalaman\daftar_role.php on line 35.
 1 APPPATH\Views\isihalaman\daftar_role.php(35): CodeIgniter\Debug\Exceptions->errorHandler(2, 'Undefined variable $news', 'D:\\SKYWORX\\Project\\good-year-new\\GoodYear\\app\\Views\\isihalaman\\daftar_role.php', 35)
 2 APPPATH\Views\daftar_role.php(36): include('D:\\SKYWORX\\Project\\good-year-new\\GoodYear\\app\\Views\\isihalaman\\daftar_role.php')
 3 SYSTEMPATH\View\View.php(224): include('D:\\SKYWORX\\Project\\good-year-new\\GoodYear\\app\\Views\\daftar_role.php')
 4 SYSTEMPATH\View\View.php(227): CodeIgniter\View\View->CodeIgniter\View\{closure}()
 5 SYSTEMPATH\Common.php(1176): CodeIgniter\View\View->render('daftar_role', [], true)
 6 APPPATH\Controllers\DaftarRoleController.php(20): view('daftar_role', [...])
 7 SYSTEMPATH\CodeIgniter.php(932): App\Controllers\DaftarRoleController->index()
 8 SYSTEMPATH\CodeIgniter.php(497): CodeIgniter\CodeIgniter->runController(Object(App\Controllers\DaftarRoleController))
 9 SYSTEMPATH\CodeIgniter.php(366): CodeIgniter\CodeIgniter->handleRequest(null, Object(Config\Cache), false)
10 FCPATH\index.php(67): CodeIgniter\CodeIgniter->run()
11 SYSTEMPATH\Commands\Server\rewrite.php(47): require_once('D:\\SKYWORX\\Project\\good-year-new\\GoodYear\\public\\index.php')
CRITICAL - 2023-09-06 05:54:09 --> Undefined variable $news
in APPPATH\Views\isihalaman\daftar_role.php on line 35.
 1 APPPATH\Views\isihalaman\daftar_role.php(35): CodeIgniter\Debug\Exceptions->errorHandler(2, 'Undefined variable $news', 'D:\\SKYWORX\\Project\\good-year-new\\GoodYear\\app\\Views\\isihalaman\\daftar_role.php', 35)
 2 APPPATH\Views\daftar_role.php(36): include('D:\\SKYWORX\\Project\\good-year-new\\GoodYear\\app\\Views\\isihalaman\\daftar_role.php')
 3 SYSTEMPATH\View\View.php(224): include('D:\\SKYWORX\\Project\\good-year-new\\GoodYear\\app\\Views\\daftar_role.php')
 4 SYSTEMPATH\View\View.php(227): CodeIgniter\View\View->CodeIgniter\View\{closure}()
 5 SYSTEMPATH\Common.php(1176): CodeIgniter\View\View->render('daftar_role', [], true)
 6 APPPATH\Controllers\DaftarRoleController.php(20): view('daftar_role', [...])
 7 SYSTEMPATH\CodeIgniter.php(932): App\Controllers\DaftarRoleController->index()
 8 SYSTEMPATH\CodeIgniter.php(497): CodeIgniter\CodeIgniter->runController(Object(App\Controllers\DaftarRoleController))
 9 SYSTEMPATH\CodeIgniter.php(366): CodeIgniter\CodeIgniter->handleRequest(null, Object(Config\Cache), false)
10 FCPATH\index.php(67): CodeIgniter\CodeIgniter->run()
11 SYSTEMPATH\Commands\Server\rewrite.php(47): require_once('D:\\SKYWORX\\Project\\good-year-new\\GoodYear\\public\\index.php')
