INFO - 2023-09-20 06:20:41 --> Session: Class initialized using 'CodeIgniter\Session\Handlers\FileHandler' driver.
INFO - 2023-09-20 06:20:42 --> Session: Class initialized using 'CodeIgniter\Session\Handlers\FileHandler' driver.
INFO - 2023-09-20 06:20:50 --> Session: Class initialized using 'CodeIgniter\Session\Handlers\FileHandler' driver.
INFO - 2023-09-20 06:20:51 --> Session: Class initialized using 'CodeIgniter\Session\Handlers\FileHandler' driver.
INFO - 2023-09-20 06:21:04 --> Session: Class initialized using 'CodeIgniter\Session\Handlers\FileHandler' driver.
INFO - 2023-09-20 06:21:04 --> Session: Class initialized using 'CodeIgniter\Session\Handlers\FileHandler' driver.
INFO - 2023-09-20 06:21:24 --> Session: Class initialized using 'CodeIgniter\Session\Handlers\FileHandler' driver.
INFO - 2023-09-20 06:21:28 --> Session: Class initialized using 'CodeIgniter\Session\Handlers\FileHandler' driver.
ERROR - 2023-09-20 06:21:28 --> ErrorException: pg_query(): Query failed: ERROR:  value &quot;1371115506870007&quot; is out of range for type integer
LINE 3: WHERE &quot;karyawan&quot;.&quot;id_karyawan&quot; = '1371115506870007'
                                         ^ in D:\SKYWORX\Project\good-year-new\GoodYear\system\Database\Postgre\Connection.php:187
Stack trace:
#0 [internal function]: CodeIgniter\Debug\Exceptions->errorHandler(2, 'pg_query(): Que...', 'D:\\SKYWORX\\Proj...', 187)
#1 D:\SKYWORX\Project\good-year-new\GoodYear\system\Database\Postgre\Connection.php(187): pg_query(Object(PgSql\Connection), 'SELECT *\nFROM "...')
#2 D:\SKYWORX\Project\good-year-new\GoodYear\system\Database\BaseConnection.php(692): CodeIgniter\Database\Postgre\Connection->execute('SELECT *\nFROM "...')
#3 D:\SKYWORX\Project\good-year-new\GoodYear\system\Database\BaseConnection.php(606): CodeIgniter\Database\BaseConnection->simpleQuery('SELECT *\nFROM "...')
#4 D:\SKYWORX\Project\good-year-new\GoodYear\system\Database\BaseBuilder.php(1616): CodeIgniter\Database\BaseConnection->query('SELECT *\nFROM "...', Array, false)
#5 D:\SKYWORX\Project\good-year-new\GoodYear\system\Model.php(200): CodeIgniter\Database\BaseBuilder->get()
#6 D:\SKYWORX\Project\good-year-new\GoodYear\system\BaseModel.php(557): CodeIgniter\Model->doFind(true, '137111550687000...')
#7 D:\SKYWORX\Project\good-year-new\GoodYear\app\Controllers\DaftarKaryawanController.php(211): CodeIgniter\BaseModel->find('137111550687000...')
#8 D:\SKYWORX\Project\good-year-new\GoodYear\system\CodeIgniter.php(932): App\Controllers\DaftarKaryawanController->edit_karyawandisable('137111550687000...')
#9 D:\SKYWORX\Project\good-year-new\GoodYear\system\CodeIgniter.php(497): CodeIgniter\CodeIgniter->runController(Object(App\Controllers\DaftarKaryawanController))
#10 D:\SKYWORX\Project\good-year-new\GoodYear\system\CodeIgniter.php(366): CodeIgniter\CodeIgniter->handleRequest(NULL, Object(Config\Cache), false)
#11 D:\SKYWORX\Project\good-year-new\GoodYear\public\index.php(67): CodeIgniter\CodeIgniter->run()
#12 D:\SKYWORX\Project\good-year-new\GoodYear\system\Commands\Server\rewrite.php(47): require_once('D:\\SKYWORX\\Proj...')
#13 {main}
CRITICAL - 2023-09-20 06:21:28 --> pg_query(): Query failed: ERROR:  value &quot;1371115506870007&quot; is out of range for type integer
LINE 3: WHERE &quot;karyawan&quot;.&quot;id_karyawan&quot; = '1371115506870007'
                                         ^
in SYSTEMPATH\Database\Postgre\Connection.php on line 187.
 1 [internal function]: CodeIgniter\Debug\Exceptions->errorHandler(2, 'pg_query(): Query failed: ERROR:  value &quot;1371115506870007&quot; is out of range for type integer
LINE 3: WHERE &quot;karyawan&quot;.&quot;id_karyawan&quot; = \'1371115506870007\'
                                         ^', 'D:\\SKYWORX\\Project\\good-year-new\\GoodYear\\system\\Database\\Postgre\\Connection.php', 187)
 2 SYSTEMPATH\Database\Postgre\Connection.php(187): pg_query(Object(PgSql\Connection), 'SELECT *
FROM "karyawan"
WHERE "karyawan"."id_karyawan" = \'1371115506870007\'')
 3 SYSTEMPATH\Database\BaseConnection.php(692): CodeIgniter\Database\Postgre\Connection->execute('SELECT *
FROM "karyawan"
WHERE "karyawan"."id_karyawan" = \'1371115506870007\'')
 4 SYSTEMPATH\Database\BaseConnection.php(606): CodeIgniter\Database\BaseConnection->simpleQuery('SELECT *
FROM "karyawan"
WHERE "karyawan"."id_karyawan" = \'1371115506870007\'')
 5 SYSTEMPATH\Database\BaseBuilder.php(1616): CodeIgniter\Database\BaseConnection->query('SELECT *
FROM "karyawan"
WHERE "karyawan"."id_karyawan" = :karyawan.id_karyawan:', [...], false)
 6 SYSTEMPATH\Model.php(200): CodeIgniter\Database\BaseBuilder->get()
 7 SYSTEMPATH\BaseModel.php(557): CodeIgniter\Model->doFind(true, '1371115506870007')
 8 APPPATH\Controllers\DaftarKaryawanController.php(211): CodeIgniter\BaseModel->find('1371115506870007')
 9 SYSTEMPATH\CodeIgniter.php(932): App\Controllers\DaftarKaryawanController->edit_karyawandisable('1371115506870007')
10 SYSTEMPATH\CodeIgniter.php(497): CodeIgniter\CodeIgniter->runController(Object(App\Controllers\DaftarKaryawanController))
11 SYSTEMPATH\CodeIgniter.php(366): CodeIgniter\CodeIgniter->handleRequest(null, Object(Config\Cache), false)
12 FCPATH\index.php(67): CodeIgniter\CodeIgniter->run()
13 SYSTEMPATH\Commands\Server\rewrite.php(47): require_once('D:\\SKYWORX\\Project\\good-year-new\\GoodYear\\public\\index.php')
INFO - 2023-09-20 06:22:03 --> Session: Class initialized using 'CodeIgniter\Session\Handlers\FileHandler' driver.
INFO - 2023-09-20 06:22:11 --> Session: Class initialized using 'CodeIgniter\Session\Handlers\FileHandler' driver.
INFO - 2023-09-20 06:22:14 --> Session: Class initialized using 'CodeIgniter\Session\Handlers\FileHandler' driver.
INFO - 2023-09-20 06:22:25 --> Session: Class initialized using 'CodeIgniter\Session\Handlers\FileHandler' driver.
INFO - 2023-09-20 06:22:25 --> Session: Class initialized using 'CodeIgniter\Session\Handlers\FileHandler' driver.
INFO - 2023-09-20 06:22:36 --> Session: Class initialized using 'CodeIgniter\Session\Handlers\FileHandler' driver.
INFO - 2023-09-20 06:22:36 --> Session: Class initialized using 'CodeIgniter\Session\Handlers\FileHandler' driver.
INFO - 2023-09-20 06:22:41 --> Session: Class initialized using 'CodeIgniter\Session\Handlers\FileHandler' driver.
INFO - 2023-09-20 06:22:46 --> Session: Class initialized using 'CodeIgniter\Session\Handlers\FileHandler' driver.
INFO - 2023-09-20 06:22:49 --> Session: Class initialized using 'CodeIgniter\Session\Handlers\FileHandler' driver.
INFO - 2023-09-20 06:22:59 --> Session: Class initialized using 'CodeIgniter\Session\Handlers\FileHandler' driver.
INFO - 2023-09-20 06:22:59 --> Session: Class initialized using 'CodeIgniter\Session\Handlers\FileHandler' driver.
INFO - 2023-09-20 06:23:03 --> Session: Class initialized using 'CodeIgniter\Session\Handlers\FileHandler' driver.
INFO - 2023-09-20 06:23:07 --> Session: Class initialized using 'CodeIgniter\Session\Handlers\FileHandler' driver.
INFO - 2023-09-20 06:23:22 --> Session: Class initialized using 'CodeIgniter\Session\Handlers\FileHandler' driver.
INFO - 2023-09-20 06:23:29 --> Session: Class initialized using 'CodeIgniter\Session\Handlers\FileHandler' driver.
INFO - 2023-09-20 06:24:00 --> Session: Class initialized using 'CodeIgniter\Session\Handlers\FileHandler' driver.
INFO - 2023-09-20 06:24:09 --> Session: Class initialized using 'CodeIgniter\Session\Handlers\FileHandler' driver.
INFO - 2023-09-20 06:24:42 --> Session: Class initialized using 'CodeIgniter\Session\Handlers\FileHandler' driver.
INFO - 2023-09-20 06:24:46 --> Session: Class initialized using 'CodeIgniter\Session\Handlers\FileHandler' driver.
INFO - 2023-09-20 06:25:30 --> Session: Class initialized using 'CodeIgniter\Session\Handlers\FileHandler' driver.
INFO - 2023-09-20 06:26:54 --> Session: Class initialized using 'CodeIgniter\Session\Handlers\FileHandler' driver.
INFO - 2023-09-20 06:27:36 --> Session: Class initialized using 'CodeIgniter\Session\Handlers\FileHandler' driver.
CRITICAL - 2023-09-20 06:27:37 --> Undefined variable $jabatan
in APPPATH\Views\lihat_karyawan.php on line 49.
 1 APPPATH\Views\lihat_karyawan.php(49): CodeIgniter\Debug\Exceptions->errorHandler(2, 'Undefined variable $jabatan', 'D:\\SKYWORX\\Project\\good-year-new\\GoodYear\\app\\Views\\lihat_karyawan.php', 49)
 2 SYSTEMPATH\View\View.php(224): include('D:\\SKYWORX\\Project\\good-year-new\\GoodYear\\app\\Views\\lihat_karyawan.php')
 3 SYSTEMPATH\View\View.php(227): CodeIgniter\View\View->CodeIgniter\View\{closure}()
 4 SYSTEMPATH\Common.php(1176): CodeIgniter\View\View->render('lihat_karyawan', [], true)
 5 APPPATH\Controllers\DaftarKaryawanController.php(196): view('lihat_karyawan', [...])
 6 SYSTEMPATH\CodeIgniter.php(932): App\Controllers\DaftarKaryawanController->lihat_karyawan('1695163179')
 7 SYSTEMPATH\CodeIgniter.php(497): CodeIgniter\CodeIgniter->runController(Object(App\Controllers\DaftarKaryawanController))
 8 SYSTEMPATH\CodeIgniter.php(366): CodeIgniter\CodeIgniter->handleRequest(null, Object(Config\Cache), false)
 9 FCPATH\index.php(67): CodeIgniter\CodeIgniter->run()
10 SYSTEMPATH\Commands\Server\rewrite.php(47): require_once('D:\\SKYWORX\\Project\\good-year-new\\GoodYear\\public\\index.php')
INFO - 2023-09-20 06:27:41 --> Session: Class initialized using 'CodeIgniter\Session\Handlers\FileHandler' driver.
INFO - 2023-09-20 06:27:54 --> Session: Class initialized using 'CodeIgniter\Session\Handlers\FileHandler' driver.
INFO - 2023-09-20 06:27:57 --> Session: Class initialized using 'CodeIgniter\Session\Handlers\FileHandler' driver.
INFO - 2023-09-20 06:28:01 --> Session: Class initialized using 'CodeIgniter\Session\Handlers\FileHandler' driver.
CRITICAL - 2023-09-20 06:28:01 --> Undefined variable $transaksi
in APPPATH\Views\lihat_karyawan.php on line 76.
 1 APPPATH\Views\lihat_karyawan.php(76): CodeIgniter\Debug\Exceptions->errorHandler(2, 'Undefined variable $transaksi', 'D:\\SKYWORX\\Project\\good-year-new\\GoodYear\\app\\Views\\lihat_karyawan.php', 76)
 2 SYSTEMPATH\View\View.php(224): include('D:\\SKYWORX\\Project\\good-year-new\\GoodYear\\app\\Views\\lihat_karyawan.php')
 3 SYSTEMPATH\View\View.php(227): CodeIgniter\View\View->CodeIgniter\View\{closure}()
 4 SYSTEMPATH\Common.php(1176): CodeIgniter\View\View->render('lihat_karyawan', [], true)
 5 APPPATH\Controllers\DaftarKaryawanController.php(193): view('lihat_karyawan', [...])
 6 SYSTEMPATH\CodeIgniter.php(932): App\Controllers\DaftarKaryawanController->lihat_karyawan('1695163179')
 7 SYSTEMPATH\CodeIgniter.php(497): CodeIgniter\CodeIgniter->runController(Object(App\Controllers\DaftarKaryawanController))
 8 SYSTEMPATH\CodeIgniter.php(366): CodeIgniter\CodeIgniter->handleRequest(null, Object(Config\Cache), false)
 9 FCPATH\index.php(67): CodeIgniter\CodeIgniter->run()
10 SYSTEMPATH\Commands\Server\rewrite.php(47): require_once('D:\\SKYWORX\\Project\\good-year-new\\GoodYear\\public\\index.php')
INFO - 2023-09-20 06:28:07 --> Session: Class initialized using 'CodeIgniter\Session\Handlers\FileHandler' driver.
INFO - 2023-09-20 06:29:39 --> Session: Class initialized using 'CodeIgniter\Session\Handlers\FileHandler' driver.
INFO - 2023-09-20 06:29:40 --> Session: Class initialized using 'CodeIgniter\Session\Handlers\FileHandler' driver.
INFO - 2023-09-20 06:29:51 --> Session: Class initialized using 'CodeIgniter\Session\Handlers\FileHandler' driver.
INFO - 2023-09-20 06:29:59 --> Session: Class initialized using 'CodeIgniter\Session\Handlers\FileHandler' driver.
INFO - 2023-09-20 06:30:34 --> Session: Class initialized using 'CodeIgniter\Session\Handlers\FileHandler' driver.
INFO - 2023-09-20 06:30:37 --> Session: Class initialized using 'CodeIgniter\Session\Handlers\FileHandler' driver.
INFO - 2023-09-20 06:30:47 --> Session: Class initialized using 'CodeIgniter\Session\Handlers\FileHandler' driver.
INFO - 2023-09-20 06:30:50 --> Session: Class initialized using 'CodeIgniter\Session\Handlers\FileHandler' driver.
INFO - 2023-09-20 06:31:05 --> Session: Class initialized using 'CodeIgniter\Session\Handlers\FileHandler' driver.
INFO - 2023-09-20 06:31:07 --> Session: Class initialized using 'CodeIgniter\Session\Handlers\FileHandler' driver.
INFO - 2023-09-20 06:31:17 --> Session: Class initialized using 'CodeIgniter\Session\Handlers\FileHandler' driver.
INFO - 2023-09-20 06:32:08 --> Session: Class initialized using 'CodeIgniter\Session\Handlers\FileHandler' driver.
ERROR - 2023-09-20 06:32:08 --> ErrorException: pg_query(): Query failed: ERROR:  column reference &quot;id_karyawan&quot; is ambiguous
LINE 5: WHERE &quot;id_karyawan&quot; = '1695163179'
              ^ in D:\SKYWORX\Project\good-year-new\GoodYear\system\Database\Postgre\Connection.php:187
Stack trace:
#0 [internal function]: CodeIgniter\Debug\Exceptions->errorHandler(2, 'pg_query(): Que...', 'D:\\SKYWORX\\Proj...', 187)
#1 D:\SKYWORX\Project\good-year-new\GoodYear\system\Database\Postgre\Connection.php(187): pg_query(Object(PgSql\Connection), 'SELECT *\nFROM "...')
#2 D:\SKYWORX\Project\good-year-new\GoodYear\system\Database\BaseConnection.php(692): CodeIgniter\Database\Postgre\Connection->execute('SELECT *\nFROM "...')
#3 D:\SKYWORX\Project\good-year-new\GoodYear\system\Database\BaseConnection.php(606): CodeIgniter\Database\BaseConnection->simpleQuery('SELECT *\nFROM "...')
#4 D:\SKYWORX\Project\good-year-new\GoodYear\system\Database\BaseBuilder.php(1616): CodeIgniter\Database\BaseConnection->query('SELECT *\nFROM "...', Array, false)
#5 D:\SKYWORX\Project\good-year-new\GoodYear\app\Models\TransaksiModel.php(39): CodeIgniter\Database\BaseBuilder->get()
#6 D:\SKYWORX\Project\good-year-new\GoodYear\app\Controllers\DaftarKaryawanController.php(178): App\Models\TransaksiModel->getSertifikatPerID('1695163179')
#7 D:\SKYWORX\Project\good-year-new\GoodYear\system\CodeIgniter.php(932): App\Controllers\DaftarKaryawanController->lihat_karyawan('1695163179')
#8 D:\SKYWORX\Project\good-year-new\GoodYear\system\CodeIgniter.php(497): CodeIgniter\CodeIgniter->runController(Object(App\Controllers\DaftarKaryawanController))
#9 D:\SKYWORX\Project\good-year-new\GoodYear\system\CodeIgniter.php(366): CodeIgniter\CodeIgniter->handleRequest(NULL, Object(Config\Cache), false)
#10 D:\SKYWORX\Project\good-year-new\GoodYear\public\index.php(67): CodeIgniter\CodeIgniter->run()
#11 D:\SKYWORX\Project\good-year-new\GoodYear\system\Commands\Server\rewrite.php(47): require_once('D:\\SKYWORX\\Proj...')
#12 {main}
CRITICAL - 2023-09-20 06:32:08 --> pg_query(): Query failed: ERROR:  column reference &quot;id_karyawan&quot; is ambiguous
LINE 5: WHERE &quot;id_karyawan&quot; = '1695163179'
              ^
in SYSTEMPATH\Database\Postgre\Connection.php on line 187.
 1 [internal function]: CodeIgniter\Debug\Exceptions->errorHandler(2, 'pg_query(): Query failed: ERROR:  column reference &quot;id_karyawan&quot; is ambiguous
LINE 5: WHERE &quot;id_karyawan&quot; = \'1695163179\'
              ^', 'D:\\SKYWORX\\Project\\good-year-new\\GoodYear\\system\\Database\\Postgre\\Connection.php', 187)
 2 SYSTEMPATH\Database\Postgre\Connection.php(187): pg_query(Object(PgSql\Connection), 'SELECT *
FROM "sertifikat"
JOIN "transaksi_sertifikat" ON "transaksi_sertifikat"."id_sertifikat"="sertifikat"."id_sertifikat"
JOIN "karyawan" ON "karyawan"."id_karyawan"="transaksi_sertifikat"."id_karyawan"
WHERE "id_karyawan" = \'1695163179\'')
 3 SYSTEMPATH\Database\BaseConnection.php(692): CodeIgniter\Database\Postgre\Connection->execute('SELECT *
FROM "sertifikat"
JOIN "transaksi_sertifikat" ON "transaksi_sertifikat"."id_sertifikat"="sertifikat"."id_sertifikat"
JOIN "karyawan" ON "karyawan"."id_karyawan"="transaksi_sertifikat"."id_karyawan"
WHERE "id_karyawan" = \'1695163179\'')
 4 SYSTEMPATH\Database\BaseConnection.php(606): CodeIgniter\Database\BaseConnection->simpleQuery('SELECT *
FROM "sertifikat"
JOIN "transaksi_sertifikat" ON "transaksi_sertifikat"."id_sertifikat"="sertifikat"."id_sertifikat"
JOIN "karyawan" ON "karyawan"."id_karyawan"="transaksi_sertifikat"."id_karyawan"
WHERE "id_karyawan" = \'1695163179\'')
 5 SYSTEMPATH\Database\BaseBuilder.php(1616): CodeIgniter\Database\BaseConnection->query('SELECT *
FROM "sertifikat"
JOIN "transaksi_sertifikat" ON "transaksi_sertifikat"."id_sertifikat"="sertifikat"."id_sertifikat"
JOIN "karyawan" ON "karyawan"."id_karyawan"="transaksi_sertifikat"."id_karyawan"
WHERE "id_karyawan" = :id_karyawan:', [...], false)
 6 APPPATH\Models\TransaksiModel.php(39): CodeIgniter\Database\BaseBuilder->get()
 7 APPPATH\Controllers\DaftarKaryawanController.php(178): App\Models\TransaksiModel->getSertifikatPerID('1695163179')
 8 SYSTEMPATH\CodeIgniter.php(932): App\Controllers\DaftarKaryawanController->lihat_karyawan('1695163179')
 9 SYSTEMPATH\CodeIgniter.php(497): CodeIgniter\CodeIgniter->runController(Object(App\Controllers\DaftarKaryawanController))
10 SYSTEMPATH\CodeIgniter.php(366): CodeIgniter\CodeIgniter->handleRequest(null, Object(Config\Cache), false)
11 FCPATH\index.php(67): CodeIgniter\CodeIgniter->run()
12 SYSTEMPATH\Commands\Server\rewrite.php(47): require_once('D:\\SKYWORX\\Project\\good-year-new\\GoodYear\\public\\index.php')
INFO - 2023-09-20 06:32:17 --> Session: Class initialized using 'CodeIgniter\Session\Handlers\FileHandler' driver.
ERROR - 2023-09-20 06:32:17 --> ErrorException: pg_query(): Query failed: ERROR:  column reference &quot;id_karyawan&quot; is ambiguous
LINE 5: WHERE &quot;id_karyawan&quot; = '1695162843'
              ^ in D:\SKYWORX\Project\good-year-new\GoodYear\system\Database\Postgre\Connection.php:187
Stack trace:
#0 [internal function]: CodeIgniter\Debug\Exceptions->errorHandler(2, 'pg_query(): Que...', 'D:\\SKYWORX\\Proj...', 187)
#1 D:\SKYWORX\Project\good-year-new\GoodYear\system\Database\Postgre\Connection.php(187): pg_query(Object(PgSql\Connection), 'SELECT *\nFROM "...')
#2 D:\SKYWORX\Project\good-year-new\GoodYear\system\Database\BaseConnection.php(692): CodeIgniter\Database\Postgre\Connection->execute('SELECT *\nFROM "...')
#3 D:\SKYWORX\Project\good-year-new\GoodYear\system\Database\BaseConnection.php(606): CodeIgniter\Database\BaseConnection->simpleQuery('SELECT *\nFROM "...')
#4 D:\SKYWORX\Project\good-year-new\GoodYear\system\Database\BaseBuilder.php(1616): CodeIgniter\Database\BaseConnection->query('SELECT *\nFROM "...', Array, false)
#5 D:\SKYWORX\Project\good-year-new\GoodYear\app\Models\TransaksiModel.php(39): CodeIgniter\Database\BaseBuilder->get()
#6 D:\SKYWORX\Project\good-year-new\GoodYear\app\Controllers\DaftarKaryawanController.php(178): App\Models\TransaksiModel->getSertifikatPerID('1695162843')
#7 D:\SKYWORX\Project\good-year-new\GoodYear\system\CodeIgniter.php(932): App\Controllers\DaftarKaryawanController->lihat_karyawan('1695162843')
#8 D:\SKYWORX\Project\good-year-new\GoodYear\system\CodeIgniter.php(497): CodeIgniter\CodeIgniter->runController(Object(App\Controllers\DaftarKaryawanController))
#9 D:\SKYWORX\Project\good-year-new\GoodYear\system\CodeIgniter.php(366): CodeIgniter\CodeIgniter->handleRequest(NULL, Object(Config\Cache), false)
#10 D:\SKYWORX\Project\good-year-new\GoodYear\public\index.php(67): CodeIgniter\CodeIgniter->run()
#11 D:\SKYWORX\Project\good-year-new\GoodYear\system\Commands\Server\rewrite.php(47): require_once('D:\\SKYWORX\\Proj...')
#12 {main}
CRITICAL - 2023-09-20 06:32:17 --> pg_query(): Query failed: ERROR:  column reference &quot;id_karyawan&quot; is ambiguous
LINE 5: WHERE &quot;id_karyawan&quot; = '1695162843'
              ^
in SYSTEMPATH\Database\Postgre\Connection.php on line 187.
 1 [internal function]: CodeIgniter\Debug\Exceptions->errorHandler(2, 'pg_query(): Query failed: ERROR:  column reference &quot;id_karyawan&quot; is ambiguous
LINE 5: WHERE &quot;id_karyawan&quot; = \'1695162843\'
              ^', 'D:\\SKYWORX\\Project\\good-year-new\\GoodYear\\system\\Database\\Postgre\\Connection.php', 187)
 2 SYSTEMPATH\Database\Postgre\Connection.php(187): pg_query(Object(PgSql\Connection), 'SELECT *
FROM "sertifikat"
JOIN "transaksi_sertifikat" ON "transaksi_sertifikat"."id_sertifikat"="sertifikat"."id_sertifikat"
JOIN "karyawan" ON "karyawan"."id_karyawan"="transaksi_sertifikat"."id_karyawan"
WHERE "id_karyawan" = \'1695162843\'')
 3 SYSTEMPATH\Database\BaseConnection.php(692): CodeIgniter\Database\Postgre\Connection->execute('SELECT *
FROM "sertifikat"
JOIN "transaksi_sertifikat" ON "transaksi_sertifikat"."id_sertifikat"="sertifikat"."id_sertifikat"
JOIN "karyawan" ON "karyawan"."id_karyawan"="transaksi_sertifikat"."id_karyawan"
WHERE "id_karyawan" = \'1695162843\'')
 4 SYSTEMPATH\Database\BaseConnection.php(606): CodeIgniter\Database\BaseConnection->simpleQuery('SELECT *
FROM "sertifikat"
JOIN "transaksi_sertifikat" ON "transaksi_sertifikat"."id_sertifikat"="sertifikat"."id_sertifikat"
JOIN "karyawan" ON "karyawan"."id_karyawan"="transaksi_sertifikat"."id_karyawan"
WHERE "id_karyawan" = \'1695162843\'')
 5 SYSTEMPATH\Database\BaseBuilder.php(1616): CodeIgniter\Database\BaseConnection->query('SELECT *
FROM "sertifikat"
JOIN "transaksi_sertifikat" ON "transaksi_sertifikat"."id_sertifikat"="sertifikat"."id_sertifikat"
JOIN "karyawan" ON "karyawan"."id_karyawan"="transaksi_sertifikat"."id_karyawan"
WHERE "id_karyawan" = :id_karyawan:', [...], false)
 6 APPPATH\Models\TransaksiModel.php(39): CodeIgniter\Database\BaseBuilder->get()
 7 APPPATH\Controllers\DaftarKaryawanController.php(178): App\Models\TransaksiModel->getSertifikatPerID('1695162843')
 8 SYSTEMPATH\CodeIgniter.php(932): App\Controllers\DaftarKaryawanController->lihat_karyawan('1695162843')
 9 SYSTEMPATH\CodeIgniter.php(497): CodeIgniter\CodeIgniter->runController(Object(App\Controllers\DaftarKaryawanController))
10 SYSTEMPATH\CodeIgniter.php(366): CodeIgniter\CodeIgniter->handleRequest(null, Object(Config\Cache), false)
11 FCPATH\index.php(67): CodeIgniter\CodeIgniter->run()
12 SYSTEMPATH\Commands\Server\rewrite.php(47): require_once('D:\\SKYWORX\\Project\\good-year-new\\GoodYear\\public\\index.php')
INFO - 2023-09-20 06:32:40 --> Session: Class initialized using 'CodeIgniter\Session\Handlers\FileHandler' driver.
CRITICAL - 2023-09-20 06:32:40 --> foreach() argument must be of type array|object, null given
in APPPATH\Views\lihat_karyawan.php on line 76.
 1 APPPATH\Views\lihat_karyawan.php(76): CodeIgniter\Debug\Exceptions->errorHandler(2, 'foreach() argument must be of type array|object, null given', 'D:\\SKYWORX\\Project\\good-year-new\\GoodYear\\app\\Views\\lihat_karyawan.php', 76)
 2 SYSTEMPATH\View\View.php(224): include('D:\\SKYWORX\\Project\\good-year-new\\GoodYear\\app\\Views\\lihat_karyawan.php')
 3 SYSTEMPATH\View\View.php(227): CodeIgniter\View\View->CodeIgniter\View\{closure}()
 4 SYSTEMPATH\Common.php(1176): CodeIgniter\View\View->render('lihat_karyawan', [], true)
 5 APPPATH\Controllers\DaftarKaryawanController.php(194): view('lihat_karyawan', [...])
 6 SYSTEMPATH\CodeIgniter.php(932): App\Controllers\DaftarKaryawanController->lihat_karyawan('1695162843')
 7 SYSTEMPATH\CodeIgniter.php(497): CodeIgniter\CodeIgniter->runController(Object(App\Controllers\DaftarKaryawanController))
 8 SYSTEMPATH\CodeIgniter.php(366): CodeIgniter\CodeIgniter->handleRequest(null, Object(Config\Cache), false)
 9 FCPATH\index.php(67): CodeIgniter\CodeIgniter->run()
10 SYSTEMPATH\Commands\Server\rewrite.php(47): require_once('D:\\SKYWORX\\Project\\good-year-new\\GoodYear\\public\\index.php')
INFO - 2023-09-20 06:33:40 --> Session: Class initialized using 'CodeIgniter\Session\Handlers\FileHandler' driver.
ERROR - 2023-09-20 06:33:40 --> ErrorException: pg_query(): Query failed: ERROR:  column reference &quot;id_karyawan&quot; is ambiguous
LINE 5: WHERE &quot;id_karyawan&quot; = '1695162843'
              ^ in D:\SKYWORX\Project\good-year-new\GoodYear\system\Database\Postgre\Connection.php:187
Stack trace:
#0 [internal function]: CodeIgniter\Debug\Exceptions->errorHandler(2, 'pg_query(): Que...', 'D:\\SKYWORX\\Proj...', 187)
#1 D:\SKYWORX\Project\good-year-new\GoodYear\system\Database\Postgre\Connection.php(187): pg_query(Object(PgSql\Connection), 'SELECT *\nFROM "...')
#2 D:\SKYWORX\Project\good-year-new\GoodYear\system\Database\BaseConnection.php(692): CodeIgniter\Database\Postgre\Connection->execute('SELECT *\nFROM "...')
#3 D:\SKYWORX\Project\good-year-new\GoodYear\system\Database\BaseConnection.php(606): CodeIgniter\Database\BaseConnection->simpleQuery('SELECT *\nFROM "...')
#4 D:\SKYWORX\Project\good-year-new\GoodYear\system\Database\BaseBuilder.php(1616): CodeIgniter\Database\BaseConnection->query('SELECT *\nFROM "...', Array, false)
#5 D:\SKYWORX\Project\good-year-new\GoodYear\app\Models\TransaksiModel.php(39): CodeIgniter\Database\BaseBuilder->get()
#6 D:\SKYWORX\Project\good-year-new\GoodYear\app\Controllers\DaftarKaryawanController.php(190): App\Models\TransaksiModel->getSertifikatPerID('1695162843')
#7 D:\SKYWORX\Project\good-year-new\GoodYear\system\CodeIgniter.php(932): App\Controllers\DaftarKaryawanController->lihat_karyawan('1695162843')
#8 D:\SKYWORX\Project\good-year-new\GoodYear\system\CodeIgniter.php(497): CodeIgniter\CodeIgniter->runController(Object(App\Controllers\DaftarKaryawanController))
#9 D:\SKYWORX\Project\good-year-new\GoodYear\system\CodeIgniter.php(366): CodeIgniter\CodeIgniter->handleRequest(NULL, Object(Config\Cache), false)
#10 D:\SKYWORX\Project\good-year-new\GoodYear\public\index.php(67): CodeIgniter\CodeIgniter->run()
#11 D:\SKYWORX\Project\good-year-new\GoodYear\system\Commands\Server\rewrite.php(47): require_once('D:\\SKYWORX\\Proj...')
#12 {main}
CRITICAL - 2023-09-20 06:33:40 --> pg_query(): Query failed: ERROR:  column reference &quot;id_karyawan&quot; is ambiguous
LINE 5: WHERE &quot;id_karyawan&quot; = '1695162843'
              ^
in SYSTEMPATH\Database\Postgre\Connection.php on line 187.
 1 [internal function]: CodeIgniter\Debug\Exceptions->errorHandler(2, 'pg_query(): Query failed: ERROR:  column reference &quot;id_karyawan&quot; is ambiguous
LINE 5: WHERE &quot;id_karyawan&quot; = \'1695162843\'
              ^', 'D:\\SKYWORX\\Project\\good-year-new\\GoodYear\\system\\Database\\Postgre\\Connection.php', 187)
 2 SYSTEMPATH\Database\Postgre\Connection.php(187): pg_query(Object(PgSql\Connection), 'SELECT *
FROM "sertifikat"
JOIN "transaksi_sertifikat" ON "transaksi_sertifikat"."id_sertifikat"="sertifikat"."id_sertifikat"
JOIN "karyawan" ON "karyawan"."id_karyawan"="transaksi_sertifikat"."id_karyawan"
WHERE "id_karyawan" = \'1695162843\'')
 3 SYSTEMPATH\Database\BaseConnection.php(692): CodeIgniter\Database\Postgre\Connection->execute('SELECT *
FROM "sertifikat"
JOIN "transaksi_sertifikat" ON "transaksi_sertifikat"."id_sertifikat"="sertifikat"."id_sertifikat"
JOIN "karyawan" ON "karyawan"."id_karyawan"="transaksi_sertifikat"."id_karyawan"
WHERE "id_karyawan" = \'1695162843\'')
 4 SYSTEMPATH\Database\BaseConnection.php(606): CodeIgniter\Database\BaseConnection->simpleQuery('SELECT *
FROM "sertifikat"
JOIN "transaksi_sertifikat" ON "transaksi_sertifikat"."id_sertifikat"="sertifikat"."id_sertifikat"
JOIN "karyawan" ON "karyawan"."id_karyawan"="transaksi_sertifikat"."id_karyawan"
WHERE "id_karyawan" = \'1695162843\'')
 5 SYSTEMPATH\Database\BaseBuilder.php(1616): CodeIgniter\Database\BaseConnection->query('SELECT *
FROM "sertifikat"
JOIN "transaksi_sertifikat" ON "transaksi_sertifikat"."id_sertifikat"="sertifikat"."id_sertifikat"
JOIN "karyawan" ON "karyawan"."id_karyawan"="transaksi_sertifikat"."id_karyawan"
WHERE "id_karyawan" = :id_karyawan:', [...], false)
 6 APPPATH\Models\TransaksiModel.php(39): CodeIgniter\Database\BaseBuilder->get()
 7 APPPATH\Controllers\DaftarKaryawanController.php(190): App\Models\TransaksiModel->getSertifikatPerID('1695162843')
 8 SYSTEMPATH\CodeIgniter.php(932): App\Controllers\DaftarKaryawanController->lihat_karyawan('1695162843')
 9 SYSTEMPATH\CodeIgniter.php(497): CodeIgniter\CodeIgniter->runController(Object(App\Controllers\DaftarKaryawanController))
10 SYSTEMPATH\CodeIgniter.php(366): CodeIgniter\CodeIgniter->handleRequest(null, Object(Config\Cache), false)
11 FCPATH\index.php(67): CodeIgniter\CodeIgniter->run()
12 SYSTEMPATH\Commands\Server\rewrite.php(47): require_once('D:\\SKYWORX\\Project\\good-year-new\\GoodYear\\public\\index.php')
INFO - 2023-09-20 06:34:27 --> Session: Class initialized using 'CodeIgniter\Session\Handlers\FileHandler' driver.
ERROR - 2023-09-20 06:34:27 --> ErrorException: pg_query(): Query failed: ERROR:  column reference &quot;id_karyawan&quot; is ambiguous
LINE 5: WHERE &quot;id_karyawan&quot; = '1695162843'
              ^ in D:\SKYWORX\Project\good-year-new\GoodYear\system\Database\Postgre\Connection.php:187
Stack trace:
#0 [internal function]: CodeIgniter\Debug\Exceptions->errorHandler(2, 'pg_query(): Que...', 'D:\\SKYWORX\\Proj...', 187)
#1 D:\SKYWORX\Project\good-year-new\GoodYear\system\Database\Postgre\Connection.php(187): pg_query(Object(PgSql\Connection), 'SELECT *\nFROM "...')
#2 D:\SKYWORX\Project\good-year-new\GoodYear\system\Database\BaseConnection.php(692): CodeIgniter\Database\Postgre\Connection->execute('SELECT *\nFROM "...')
#3 D:\SKYWORX\Project\good-year-new\GoodYear\system\Database\BaseConnection.php(606): CodeIgniter\Database\BaseConnection->simpleQuery('SELECT *\nFROM "...')
#4 D:\SKYWORX\Project\good-year-new\GoodYear\system\Database\BaseBuilder.php(1616): CodeIgniter\Database\BaseConnection->query('SELECT *\nFROM "...', Array, false)
#5 D:\SKYWORX\Project\good-year-new\GoodYear\app\Models\TransaksiModel.php(39): CodeIgniter\Database\BaseBuilder->get()
#6 D:\SKYWORX\Project\good-year-new\GoodYear\app\Controllers\DaftarKaryawanController.php(190): App\Models\TransaksiModel->getSertifikatPerID('1695162843')
#7 D:\SKYWORX\Project\good-year-new\GoodYear\system\CodeIgniter.php(932): App\Controllers\DaftarKaryawanController->lihat_karyawan('1695162843')
#8 D:\SKYWORX\Project\good-year-new\GoodYear\system\CodeIgniter.php(497): CodeIgniter\CodeIgniter->runController(Object(App\Controllers\DaftarKaryawanController))
#9 D:\SKYWORX\Project\good-year-new\GoodYear\system\CodeIgniter.php(366): CodeIgniter\CodeIgniter->handleRequest(NULL, Object(Config\Cache), false)
#10 D:\SKYWORX\Project\good-year-new\GoodYear\public\index.php(67): CodeIgniter\CodeIgniter->run()
#11 D:\SKYWORX\Project\good-year-new\GoodYear\system\Commands\Server\rewrite.php(47): require_once('D:\\SKYWORX\\Proj...')
#12 {main}
CRITICAL - 2023-09-20 06:34:27 --> pg_query(): Query failed: ERROR:  column reference &quot;id_karyawan&quot; is ambiguous
LINE 5: WHERE &quot;id_karyawan&quot; = '1695162843'
              ^
in SYSTEMPATH\Database\Postgre\Connection.php on line 187.
 1 [internal function]: CodeIgniter\Debug\Exceptions->errorHandler(2, 'pg_query(): Query failed: ERROR:  column reference &quot;id_karyawan&quot; is ambiguous
LINE 5: WHERE &quot;id_karyawan&quot; = \'1695162843\'
              ^', 'D:\\SKYWORX\\Project\\good-year-new\\GoodYear\\system\\Database\\Postgre\\Connection.php', 187)
 2 SYSTEMPATH\Database\Postgre\Connection.php(187): pg_query(Object(PgSql\Connection), 'SELECT *
FROM "sertifikat"
JOIN "transaksi_sertifikat" ON "transaksi_sertifikat"."id_sertifikat"="sertifikat"."id_sertifikat"
JOIN "karyawan" ON "karyawan"."id_karyawan"="transaksi_sertifikat"."id_karyawan"
WHERE "id_karyawan" = \'1695162843\'')
 3 SYSTEMPATH\Database\BaseConnection.php(692): CodeIgniter\Database\Postgre\Connection->execute('SELECT *
FROM "sertifikat"
JOIN "transaksi_sertifikat" ON "transaksi_sertifikat"."id_sertifikat"="sertifikat"."id_sertifikat"
JOIN "karyawan" ON "karyawan"."id_karyawan"="transaksi_sertifikat"."id_karyawan"
WHERE "id_karyawan" = \'1695162843\'')
 4 SYSTEMPATH\Database\BaseConnection.php(606): CodeIgniter\Database\BaseConnection->simpleQuery('SELECT *
FROM "sertifikat"
JOIN "transaksi_sertifikat" ON "transaksi_sertifikat"."id_sertifikat"="sertifikat"."id_sertifikat"
JOIN "karyawan" ON "karyawan"."id_karyawan"="transaksi_sertifikat"."id_karyawan"
WHERE "id_karyawan" = \'1695162843\'')
 5 SYSTEMPATH\Database\BaseBuilder.php(1616): CodeIgniter\Database\BaseConnection->query('SELECT *
FROM "sertifikat"
JOIN "transaksi_sertifikat" ON "transaksi_sertifikat"."id_sertifikat"="sertifikat"."id_sertifikat"
JOIN "karyawan" ON "karyawan"."id_karyawan"="transaksi_sertifikat"."id_karyawan"
WHERE "id_karyawan" = :id_karyawan:', [...], false)
 6 APPPATH\Models\TransaksiModel.php(39): CodeIgniter\Database\BaseBuilder->get()
 7 APPPATH\Controllers\DaftarKaryawanController.php(190): App\Models\TransaksiModel->getSertifikatPerID('1695162843')
 8 SYSTEMPATH\CodeIgniter.php(932): App\Controllers\DaftarKaryawanController->lihat_karyawan('1695162843')
 9 SYSTEMPATH\CodeIgniter.php(497): CodeIgniter\CodeIgniter->runController(Object(App\Controllers\DaftarKaryawanController))
10 SYSTEMPATH\CodeIgniter.php(366): CodeIgniter\CodeIgniter->handleRequest(null, Object(Config\Cache), false)
11 FCPATH\index.php(67): CodeIgniter\CodeIgniter->run()
12 SYSTEMPATH\Commands\Server\rewrite.php(47): require_once('D:\\SKYWORX\\Project\\good-year-new\\GoodYear\\public\\index.php')
INFO - 2023-09-20 06:35:01 --> Session: Class initialized using 'CodeIgniter\Session\Handlers\FileHandler' driver.
ERROR - 2023-09-20 06:35:01 --> ErrorException: pg_query(): Query failed: ERROR:  column reference &quot;id_karyawan&quot; is ambiguous
LINE 5: WHERE &quot;id_karyawan&quot; = '1695162843'
              ^ in D:\SKYWORX\Project\good-year-new\GoodYear\system\Database\Postgre\Connection.php:187
Stack trace:
#0 [internal function]: CodeIgniter\Debug\Exceptions->errorHandler(2, 'pg_query(): Que...', 'D:\\SKYWORX\\Proj...', 187)
#1 D:\SKYWORX\Project\good-year-new\GoodYear\system\Database\Postgre\Connection.php(187): pg_query(Object(PgSql\Connection), 'SELECT *\nFROM "...')
#2 D:\SKYWORX\Project\good-year-new\GoodYear\system\Database\BaseConnection.php(692): CodeIgniter\Database\Postgre\Connection->execute('SELECT *\nFROM "...')
#3 D:\SKYWORX\Project\good-year-new\GoodYear\system\Database\BaseConnection.php(606): CodeIgniter\Database\BaseConnection->simpleQuery('SELECT *\nFROM "...')
#4 D:\SKYWORX\Project\good-year-new\GoodYear\system\Database\BaseBuilder.php(1616): CodeIgniter\Database\BaseConnection->query('SELECT *\nFROM "...', Array, false)
#5 D:\SKYWORX\Project\good-year-new\GoodYear\app\Models\TransaksiModel.php(39): CodeIgniter\Database\BaseBuilder->get()
#6 D:\SKYWORX\Project\good-year-new\GoodYear\app\Controllers\DaftarKaryawanController.php(190): App\Models\TransaksiModel->getSertifikatPerID('1695162843')
#7 D:\SKYWORX\Project\good-year-new\GoodYear\system\CodeIgniter.php(932): App\Controllers\DaftarKaryawanController->lihat_karyawan('1695162843')
#8 D:\SKYWORX\Project\good-year-new\GoodYear\system\CodeIgniter.php(497): CodeIgniter\CodeIgniter->runController(Object(App\Controllers\DaftarKaryawanController))
#9 D:\SKYWORX\Project\good-year-new\GoodYear\system\CodeIgniter.php(366): CodeIgniter\CodeIgniter->handleRequest(NULL, Object(Config\Cache), false)
#10 D:\SKYWORX\Project\good-year-new\GoodYear\public\index.php(67): CodeIgniter\CodeIgniter->run()
#11 D:\SKYWORX\Project\good-year-new\GoodYear\system\Commands\Server\rewrite.php(47): require_once('D:\\SKYWORX\\Proj...')
#12 {main}
CRITICAL - 2023-09-20 06:35:01 --> pg_query(): Query failed: ERROR:  column reference &quot;id_karyawan&quot; is ambiguous
LINE 5: WHERE &quot;id_karyawan&quot; = '1695162843'
              ^
in SYSTEMPATH\Database\Postgre\Connection.php on line 187.
 1 [internal function]: CodeIgniter\Debug\Exceptions->errorHandler(2, 'pg_query(): Query failed: ERROR:  column reference &quot;id_karyawan&quot; is ambiguous
LINE 5: WHERE &quot;id_karyawan&quot; = \'1695162843\'
              ^', 'D:\\SKYWORX\\Project\\good-year-new\\GoodYear\\system\\Database\\Postgre\\Connection.php', 187)
 2 SYSTEMPATH\Database\Postgre\Connection.php(187): pg_query(Object(PgSql\Connection), 'SELECT *
FROM "sertifikat"
JOIN "transaksi_sertifikat" ON "transaksi_sertifikat"."id_sertifikat"="sertifikat"."id_sertifikat"
JOIN "karyawan" ON "karyawan"."id_karyawan"="transaksi_sertifikat"."id_karyawan"
WHERE "id_karyawan" = \'1695162843\'')
 3 SYSTEMPATH\Database\BaseConnection.php(692): CodeIgniter\Database\Postgre\Connection->execute('SELECT *
FROM "sertifikat"
JOIN "transaksi_sertifikat" ON "transaksi_sertifikat"."id_sertifikat"="sertifikat"."id_sertifikat"
JOIN "karyawan" ON "karyawan"."id_karyawan"="transaksi_sertifikat"."id_karyawan"
WHERE "id_karyawan" = \'1695162843\'')
 4 SYSTEMPATH\Database\BaseConnection.php(606): CodeIgniter\Database\BaseConnection->simpleQuery('SELECT *
FROM "sertifikat"
JOIN "transaksi_sertifikat" ON "transaksi_sertifikat"."id_sertifikat"="sertifikat"."id_sertifikat"
JOIN "karyawan" ON "karyawan"."id_karyawan"="transaksi_sertifikat"."id_karyawan"
WHERE "id_karyawan" = \'1695162843\'')
 5 SYSTEMPATH\Database\BaseBuilder.php(1616): CodeIgniter\Database\BaseConnection->query('SELECT *
FROM "sertifikat"
JOIN "transaksi_sertifikat" ON "transaksi_sertifikat"."id_sertifikat"="sertifikat"."id_sertifikat"
JOIN "karyawan" ON "karyawan"."id_karyawan"="transaksi_sertifikat"."id_karyawan"
WHERE "id_karyawan" = :id_karyawan:', [...], false)
 6 APPPATH\Models\TransaksiModel.php(39): CodeIgniter\Database\BaseBuilder->get()
 7 APPPATH\Controllers\DaftarKaryawanController.php(190): App\Models\TransaksiModel->getSertifikatPerID('1695162843')
 8 SYSTEMPATH\CodeIgniter.php(932): App\Controllers\DaftarKaryawanController->lihat_karyawan('1695162843')
 9 SYSTEMPATH\CodeIgniter.php(497): CodeIgniter\CodeIgniter->runController(Object(App\Controllers\DaftarKaryawanController))
10 SYSTEMPATH\CodeIgniter.php(366): CodeIgniter\CodeIgniter->handleRequest(null, Object(Config\Cache), false)
11 FCPATH\index.php(67): CodeIgniter\CodeIgniter->run()
12 SYSTEMPATH\Commands\Server\rewrite.php(47): require_once('D:\\SKYWORX\\Project\\good-year-new\\GoodYear\\public\\index.php')
INFO - 2023-09-20 06:35:24 --> Session: Class initialized using 'CodeIgniter\Session\Handlers\FileHandler' driver.
ERROR - 2023-09-20 06:35:24 --> ErrorException: pg_query(): Query failed: ERROR:  column reference &quot;id_karyawan&quot; is ambiguous
LINE 5: WHERE &quot;id_karyawan&quot; = '1695162843'
              ^ in D:\SKYWORX\Project\good-year-new\GoodYear\system\Database\Postgre\Connection.php:187
Stack trace:
#0 [internal function]: CodeIgniter\Debug\Exceptions->errorHandler(2, 'pg_query(): Que...', 'D:\\SKYWORX\\Proj...', 187)
#1 D:\SKYWORX\Project\good-year-new\GoodYear\system\Database\Postgre\Connection.php(187): pg_query(Object(PgSql\Connection), 'SELECT *\nFROM "...')
#2 D:\SKYWORX\Project\good-year-new\GoodYear\system\Database\BaseConnection.php(692): CodeIgniter\Database\Postgre\Connection->execute('SELECT *\nFROM "...')
#3 D:\SKYWORX\Project\good-year-new\GoodYear\system\Database\BaseConnection.php(606): CodeIgniter\Database\BaseConnection->simpleQuery('SELECT *\nFROM "...')
#4 D:\SKYWORX\Project\good-year-new\GoodYear\system\Database\BaseBuilder.php(1616): CodeIgniter\Database\BaseConnection->query('SELECT *\nFROM "...', Array, false)
#5 D:\SKYWORX\Project\good-year-new\GoodYear\app\Models\TransaksiModel.php(39): CodeIgniter\Database\BaseBuilder->get()
#6 D:\SKYWORX\Project\good-year-new\GoodYear\app\Controllers\DaftarKaryawanController.php(190): App\Models\TransaksiModel->getSertifikatPerID('1695162843')
#7 D:\SKYWORX\Project\good-year-new\GoodYear\system\CodeIgniter.php(932): App\Controllers\DaftarKaryawanController->lihat_karyawan('1695162843')
#8 D:\SKYWORX\Project\good-year-new\GoodYear\system\CodeIgniter.php(497): CodeIgniter\CodeIgniter->runController(Object(App\Controllers\DaftarKaryawanController))
#9 D:\SKYWORX\Project\good-year-new\GoodYear\system\CodeIgniter.php(366): CodeIgniter\CodeIgniter->handleRequest(NULL, Object(Config\Cache), false)
#10 D:\SKYWORX\Project\good-year-new\GoodYear\public\index.php(67): CodeIgniter\CodeIgniter->run()
#11 D:\SKYWORX\Project\good-year-new\GoodYear\system\Commands\Server\rewrite.php(47): require_once('D:\\SKYWORX\\Proj...')
#12 {main}
CRITICAL - 2023-09-20 06:35:24 --> pg_query(): Query failed: ERROR:  column reference &quot;id_karyawan&quot; is ambiguous
LINE 5: WHERE &quot;id_karyawan&quot; = '1695162843'
              ^
in SYSTEMPATH\Database\Postgre\Connection.php on line 187.
 1 [internal function]: CodeIgniter\Debug\Exceptions->errorHandler(2, 'pg_query(): Query failed: ERROR:  column reference &quot;id_karyawan&quot; is ambiguous
LINE 5: WHERE &quot;id_karyawan&quot; = \'1695162843\'
              ^', 'D:\\SKYWORX\\Project\\good-year-new\\GoodYear\\system\\Database\\Postgre\\Connection.php', 187)
 2 SYSTEMPATH\Database\Postgre\Connection.php(187): pg_query(Object(PgSql\Connection), 'SELECT *
FROM "sertifikat"
JOIN "transaksi_sertifikat" ON "transaksi_sertifikat"."id_sertifikat"="sertifikat"."id_sertifikat"
JOIN "karyawan" ON "karyawan"."id_karyawan"="transaksi_sertifikat"."id_karyawan"
WHERE "id_karyawan" = \'1695162843\'')
 3 SYSTEMPATH\Database\BaseConnection.php(692): CodeIgniter\Database\Postgre\Connection->execute('SELECT *
FROM "sertifikat"
JOIN "transaksi_sertifikat" ON "transaksi_sertifikat"."id_sertifikat"="sertifikat"."id_sertifikat"
JOIN "karyawan" ON "karyawan"."id_karyawan"="transaksi_sertifikat"."id_karyawan"
WHERE "id_karyawan" = \'1695162843\'')
 4 SYSTEMPATH\Database\BaseConnection.php(606): CodeIgniter\Database\BaseConnection->simpleQuery('SELECT *
FROM "sertifikat"
JOIN "transaksi_sertifikat" ON "transaksi_sertifikat"."id_sertifikat"="sertifikat"."id_sertifikat"
JOIN "karyawan" ON "karyawan"."id_karyawan"="transaksi_sertifikat"."id_karyawan"
WHERE "id_karyawan" = \'1695162843\'')
 5 SYSTEMPATH\Database\BaseBuilder.php(1616): CodeIgniter\Database\BaseConnection->query('SELECT *
FROM "sertifikat"
JOIN "transaksi_sertifikat" ON "transaksi_sertifikat"."id_sertifikat"="sertifikat"."id_sertifikat"
JOIN "karyawan" ON "karyawan"."id_karyawan"="transaksi_sertifikat"."id_karyawan"
WHERE "id_karyawan" = :id_karyawan:', [...], false)
 6 APPPATH\Models\TransaksiModel.php(39): CodeIgniter\Database\BaseBuilder->get()
 7 APPPATH\Controllers\DaftarKaryawanController.php(190): App\Models\TransaksiModel->getSertifikatPerID('1695162843')
 8 SYSTEMPATH\CodeIgniter.php(932): App\Controllers\DaftarKaryawanController->lihat_karyawan('1695162843')
 9 SYSTEMPATH\CodeIgniter.php(497): CodeIgniter\CodeIgniter->runController(Object(App\Controllers\DaftarKaryawanController))
10 SYSTEMPATH\CodeIgniter.php(366): CodeIgniter\CodeIgniter->handleRequest(null, Object(Config\Cache), false)
11 FCPATH\index.php(67): CodeIgniter\CodeIgniter->run()
12 SYSTEMPATH\Commands\Server\rewrite.php(47): require_once('D:\\SKYWORX\\Project\\good-year-new\\GoodYear\\public\\index.php')
INFO - 2023-09-20 06:35:39 --> Session: Class initialized using 'CodeIgniter\Session\Handlers\FileHandler' driver.
CRITICAL - 2023-09-20 06:35:39 --> foreach() argument must be of type array|object, null given
in APPPATH\Views\lihat_karyawan.php on line 76.
 1 APPPATH\Views\lihat_karyawan.php(76): CodeIgniter\Debug\Exceptions->errorHandler(2, 'foreach() argument must be of type array|object, null given', 'D:\\SKYWORX\\Project\\good-year-new\\GoodYear\\app\\Views\\lihat_karyawan.php', 76)
 2 SYSTEMPATH\View\View.php(224): include('D:\\SKYWORX\\Project\\good-year-new\\GoodYear\\app\\Views\\lihat_karyawan.php')
 3 SYSTEMPATH\View\View.php(227): CodeIgniter\View\View->CodeIgniter\View\{closure}()
 4 SYSTEMPATH\Common.php(1176): CodeIgniter\View\View->render('lihat_karyawan', [], true)
 5 APPPATH\Controllers\DaftarKaryawanController.php(195): view('lihat_karyawan', [...])
 6 SYSTEMPATH\CodeIgniter.php(932): App\Controllers\DaftarKaryawanController->lihat_karyawan('1695162843')
 7 SYSTEMPATH\CodeIgniter.php(497): CodeIgniter\CodeIgniter->runController(Object(App\Controllers\DaftarKaryawanController))
 8 SYSTEMPATH\CodeIgniter.php(366): CodeIgniter\CodeIgniter->handleRequest(null, Object(Config\Cache), false)
 9 FCPATH\index.php(67): CodeIgniter\CodeIgniter->run()
10 SYSTEMPATH\Commands\Server\rewrite.php(47): require_once('D:\\SKYWORX\\Project\\good-year-new\\GoodYear\\public\\index.php')
INFO - 2023-09-20 06:36:40 --> Session: Class initialized using 'CodeIgniter\Session\Handlers\FileHandler' driver.
CRITICAL - 2023-09-20 06:36:40 --> foreach() argument must be of type array|object, null given
in APPPATH\Views\lihat_karyawan.php on line 76.
 1 APPPATH\Views\lihat_karyawan.php(76): CodeIgniter\Debug\Exceptions->errorHandler(2, 'foreach() argument must be of type array|object, null given', 'D:\\SKYWORX\\Project\\good-year-new\\GoodYear\\app\\Views\\lihat_karyawan.php', 76)
 2 SYSTEMPATH\View\View.php(224): include('D:\\SKYWORX\\Project\\good-year-new\\GoodYear\\app\\Views\\lihat_karyawan.php')
 3 SYSTEMPATH\View\View.php(227): CodeIgniter\View\View->CodeIgniter\View\{closure}()
 4 SYSTEMPATH\Common.php(1176): CodeIgniter\View\View->render('lihat_karyawan', [], true)
 5 APPPATH\Controllers\DaftarKaryawanController.php(195): view('lihat_karyawan', [...])
 6 SYSTEMPATH\CodeIgniter.php(932): App\Controllers\DaftarKaryawanController->lihat_karyawan('1695162843')
 7 SYSTEMPATH\CodeIgniter.php(497): CodeIgniter\CodeIgniter->runController(Object(App\Controllers\DaftarKaryawanController))
 8 SYSTEMPATH\CodeIgniter.php(366): CodeIgniter\CodeIgniter->handleRequest(null, Object(Config\Cache), false)
 9 FCPATH\index.php(67): CodeIgniter\CodeIgniter->run()
10 SYSTEMPATH\Commands\Server\rewrite.php(47): require_once('D:\\SKYWORX\\Project\\good-year-new\\GoodYear\\public\\index.php')
INFO - 2023-09-20 06:37:05 --> Session: Class initialized using 'CodeIgniter\Session\Handlers\FileHandler' driver.
CRITICAL - 2023-09-20 06:37:05 --> foreach() argument must be of type array|object, null given
in APPPATH\Views\lihat_karyawan.php on line 76.
 1 APPPATH\Views\lihat_karyawan.php(76): CodeIgniter\Debug\Exceptions->errorHandler(2, 'foreach() argument must be of type array|object, null given', 'D:\\SKYWORX\\Project\\good-year-new\\GoodYear\\app\\Views\\lihat_karyawan.php', 76)
 2 SYSTEMPATH\View\View.php(224): include('D:\\SKYWORX\\Project\\good-year-new\\GoodYear\\app\\Views\\lihat_karyawan.php')
 3 SYSTEMPATH\View\View.php(227): CodeIgniter\View\View->CodeIgniter\View\{closure}()
 4 SYSTEMPATH\Common.php(1176): CodeIgniter\View\View->render('lihat_karyawan', [], true)
 5 APPPATH\Controllers\DaftarKaryawanController.php(194): view('lihat_karyawan', [...])
 6 SYSTEMPATH\CodeIgniter.php(932): App\Controllers\DaftarKaryawanController->lihat_karyawan('1695162843')
 7 SYSTEMPATH\CodeIgniter.php(497): CodeIgniter\CodeIgniter->runController(Object(App\Controllers\DaftarKaryawanController))
 8 SYSTEMPATH\CodeIgniter.php(366): CodeIgniter\CodeIgniter->handleRequest(null, Object(Config\Cache), false)
 9 FCPATH\index.php(67): CodeIgniter\CodeIgniter->run()
10 SYSTEMPATH\Commands\Server\rewrite.php(47): require_once('D:\\SKYWORX\\Project\\good-year-new\\GoodYear\\public\\index.php')
INFO - 2023-09-20 06:37:09 --> Session: Class initialized using 'CodeIgniter\Session\Handlers\FileHandler' driver.
INFO - 2023-09-20 06:37:24 --> Session: Class initialized using 'CodeIgniter\Session\Handlers\FileHandler' driver.
INFO - 2023-09-20 06:37:42 --> Session: Class initialized using 'CodeIgniter\Session\Handlers\FileHandler' driver.
CRITICAL - 2023-09-20 06:37:42 --> foreach() argument must be of type array|object, null given
in APPPATH\Views\lihat_karyawan.php on line 76.
 1 APPPATH\Views\lihat_karyawan.php(76): CodeIgniter\Debug\Exceptions->errorHandler(2, 'foreach() argument must be of type array|object, null given', 'D:\\SKYWORX\\Project\\good-year-new\\GoodYear\\app\\Views\\lihat_karyawan.php', 76)
 2 SYSTEMPATH\View\View.php(224): include('D:\\SKYWORX\\Project\\good-year-new\\GoodYear\\app\\Views\\lihat_karyawan.php')
 3 SYSTEMPATH\View\View.php(227): CodeIgniter\View\View->CodeIgniter\View\{closure}()
 4 SYSTEMPATH\Common.php(1176): CodeIgniter\View\View->render('lihat_karyawan', [], true)
 5 APPPATH\Controllers\DaftarKaryawanController.php(192): view('lihat_karyawan', [...])
 6 SYSTEMPATH\CodeIgniter.php(932): App\Controllers\DaftarKaryawanController->lihat_karyawan('1695162843')
 7 SYSTEMPATH\CodeIgniter.php(497): CodeIgniter\CodeIgniter->runController(Object(App\Controllers\DaftarKaryawanController))
 8 SYSTEMPATH\CodeIgniter.php(366): CodeIgniter\CodeIgniter->handleRequest(null, Object(Config\Cache), false)
 9 FCPATH\index.php(67): CodeIgniter\CodeIgniter->run()
10 SYSTEMPATH\Commands\Server\rewrite.php(47): require_once('D:\\SKYWORX\\Project\\good-year-new\\GoodYear\\public\\index.php')
INFO - 2023-09-20 06:38:11 --> Session: Class initialized using 'CodeIgniter\Session\Handlers\FileHandler' driver.
CRITICAL - 2023-09-20 06:38:11 --> foreach() argument must be of type array|object, null given
in APPPATH\Views\lihat_karyawan.php on line 76.
 1 APPPATH\Views\lihat_karyawan.php(76): CodeIgniter\Debug\Exceptions->errorHandler(2, 'foreach() argument must be of type array|object, null given', 'D:\\SKYWORX\\Project\\good-year-new\\GoodYear\\app\\Views\\lihat_karyawan.php', 76)
 2 SYSTEMPATH\View\View.php(224): include('D:\\SKYWORX\\Project\\good-year-new\\GoodYear\\app\\Views\\lihat_karyawan.php')
 3 SYSTEMPATH\View\View.php(227): CodeIgniter\View\View->CodeIgniter\View\{closure}()
 4 SYSTEMPATH\Common.php(1176): CodeIgniter\View\View->render('lihat_karyawan', [], true)
 5 APPPATH\Controllers\DaftarKaryawanController.php(192): view('lihat_karyawan', [...])
 6 SYSTEMPATH\CodeIgniter.php(932): App\Controllers\DaftarKaryawanController->lihat_karyawan('1695162843')
 7 SYSTEMPATH\CodeIgniter.php(497): CodeIgniter\CodeIgniter->runController(Object(App\Controllers\DaftarKaryawanController))
 8 SYSTEMPATH\CodeIgniter.php(366): CodeIgniter\CodeIgniter->handleRequest(null, Object(Config\Cache), false)
 9 FCPATH\index.php(67): CodeIgniter\CodeIgniter->run()
10 SYSTEMPATH\Commands\Server\rewrite.php(47): require_once('D:\\SKYWORX\\Project\\good-year-new\\GoodYear\\public\\index.php')
INFO - 2023-09-20 06:38:39 --> Session: Class initialized using 'CodeIgniter\Session\Handlers\FileHandler' driver.
CRITICAL - 2023-09-20 06:38:39 --> foreach() argument must be of type array|object, null given
in APPPATH\Views\lihat_karyawan.php on line 76.
 1 APPPATH\Views\lihat_karyawan.php(76): CodeIgniter\Debug\Exceptions->errorHandler(2, 'foreach() argument must be of type array|object, null given', 'D:\\SKYWORX\\Project\\good-year-new\\GoodYear\\app\\Views\\lihat_karyawan.php', 76)
 2 SYSTEMPATH\View\View.php(224): include('D:\\SKYWORX\\Project\\good-year-new\\GoodYear\\app\\Views\\lihat_karyawan.php')
 3 SYSTEMPATH\View\View.php(227): CodeIgniter\View\View->CodeIgniter\View\{closure}()
 4 SYSTEMPATH\Common.php(1176): CodeIgniter\View\View->render('lihat_karyawan', [], true)
 5 APPPATH\Controllers\DaftarKaryawanController.php(192): view('lihat_karyawan', [...])
 6 SYSTEMPATH\CodeIgniter.php(932): App\Controllers\DaftarKaryawanController->lihat_karyawan('1695162843')
 7 SYSTEMPATH\CodeIgniter.php(497): CodeIgniter\CodeIgniter->runController(Object(App\Controllers\DaftarKaryawanController))
 8 SYSTEMPATH\CodeIgniter.php(366): CodeIgniter\CodeIgniter->handleRequest(null, Object(Config\Cache), false)
 9 FCPATH\index.php(67): CodeIgniter\CodeIgniter->run()
10 SYSTEMPATH\Commands\Server\rewrite.php(47): require_once('D:\\SKYWORX\\Project\\good-year-new\\GoodYear\\public\\index.php')
INFO - 2023-09-20 06:39:10 --> Session: Class initialized using 'CodeIgniter\Session\Handlers\FileHandler' driver.
CRITICAL - 2023-09-20 06:39:10 --> foreach() argument must be of type array|object, null given
in APPPATH\Views\lihat_karyawan.php on line 76.
 1 APPPATH\Views\lihat_karyawan.php(76): CodeIgniter\Debug\Exceptions->errorHandler(2, 'foreach() argument must be of type array|object, null given', 'D:\\SKYWORX\\Project\\good-year-new\\GoodYear\\app\\Views\\lihat_karyawan.php', 76)
 2 SYSTEMPATH\View\View.php(224): include('D:\\SKYWORX\\Project\\good-year-new\\GoodYear\\app\\Views\\lihat_karyawan.php')
 3 SYSTEMPATH\View\View.php(227): CodeIgniter\View\View->CodeIgniter\View\{closure}()
 4 SYSTEMPATH\Common.php(1176): CodeIgniter\View\View->render('lihat_karyawan', [], true)
 5 APPPATH\Controllers\DaftarKaryawanController.php(194): view('lihat_karyawan', [...])
 6 SYSTEMPATH\CodeIgniter.php(932): App\Controllers\DaftarKaryawanController->lihat_karyawan('1695162843')
 7 SYSTEMPATH\CodeIgniter.php(497): CodeIgniter\CodeIgniter->runController(Object(App\Controllers\DaftarKaryawanController))
 8 SYSTEMPATH\CodeIgniter.php(366): CodeIgniter\CodeIgniter->handleRequest(null, Object(Config\Cache), false)
 9 FCPATH\index.php(67): CodeIgniter\CodeIgniter->run()
10 SYSTEMPATH\Commands\Server\rewrite.php(47): require_once('D:\\SKYWORX\\Project\\good-year-new\\GoodYear\\public\\index.php')
INFO - 2023-09-20 07:19:32 --> Session: Class initialized using 'CodeIgniter\Session\Handlers\FileHandler' driver.
CRITICAL - 2023-09-20 07:19:32 --> foreach() argument must be of type array|object, null given
in APPPATH\Views\lihat_karyawan.php on line 76.
 1 APPPATH\Views\lihat_karyawan.php(76): CodeIgniter\Debug\Exceptions->errorHandler(2, 'foreach() argument must be of type array|object, null given', 'D:\\SKYWORX\\Project\\good-year-new\\GoodYear\\app\\Views\\lihat_karyawan.php', 76)
 2 SYSTEMPATH\View\View.php(224): include('D:\\SKYWORX\\Project\\good-year-new\\GoodYear\\app\\Views\\lihat_karyawan.php')
 3 SYSTEMPATH\View\View.php(227): CodeIgniter\View\View->CodeIgniter\View\{closure}()
 4 SYSTEMPATH\Common.php(1176): CodeIgniter\View\View->render('lihat_karyawan', [], true)
 5 APPPATH\Controllers\DaftarKaryawanController.php(194): view('lihat_karyawan', [...])
 6 SYSTEMPATH\CodeIgniter.php(932): App\Controllers\DaftarKaryawanController->lihat_karyawan('1695162843')
 7 SYSTEMPATH\CodeIgniter.php(497): CodeIgniter\CodeIgniter->runController(Object(App\Controllers\DaftarKaryawanController))
 8 SYSTEMPATH\CodeIgniter.php(366): CodeIgniter\CodeIgniter->handleRequest(null, Object(Config\Cache), false)
 9 FCPATH\index.php(67): CodeIgniter\CodeIgniter->run()
10 SYSTEMPATH\Commands\Server\rewrite.php(47): require_once('D:\\SKYWORX\\Project\\good-year-new\\GoodYear\\public\\index.php')
INFO - 2023-09-20 07:19:34 --> Session: Class initialized using 'CodeIgniter\Session\Handlers\FileHandler' driver.
CRITICAL - 2023-09-20 07:19:34 --> foreach() argument must be of type array|object, null given
in APPPATH\Views\lihat_karyawan.php on line 76.
 1 APPPATH\Views\lihat_karyawan.php(76): CodeIgniter\Debug\Exceptions->errorHandler(2, 'foreach() argument must be of type array|object, null given', 'D:\\SKYWORX\\Project\\good-year-new\\GoodYear\\app\\Views\\lihat_karyawan.php', 76)
 2 SYSTEMPATH\View\View.php(224): include('D:\\SKYWORX\\Project\\good-year-new\\GoodYear\\app\\Views\\lihat_karyawan.php')
 3 SYSTEMPATH\View\View.php(227): CodeIgniter\View\View->CodeIgniter\View\{closure}()
 4 SYSTEMPATH\Common.php(1176): CodeIgniter\View\View->render('lihat_karyawan', [], true)
 5 APPPATH\Controllers\DaftarKaryawanController.php(194): view('lihat_karyawan', [...])
 6 SYSTEMPATH\CodeIgniter.php(932): App\Controllers\DaftarKaryawanController->lihat_karyawan('1695162843')
 7 SYSTEMPATH\CodeIgniter.php(497): CodeIgniter\CodeIgniter->runController(Object(App\Controllers\DaftarKaryawanController))
 8 SYSTEMPATH\CodeIgniter.php(366): CodeIgniter\CodeIgniter->handleRequest(null, Object(Config\Cache), false)
 9 FCPATH\index.php(67): CodeIgniter\CodeIgniter->run()
10 SYSTEMPATH\Commands\Server\rewrite.php(47): require_once('D:\\SKYWORX\\Project\\good-year-new\\GoodYear\\public\\index.php')
INFO - 2023-09-20 07:19:36 --> Session: Class initialized using 'CodeIgniter\Session\Handlers\FileHandler' driver.
CRITICAL - 2023-09-20 07:19:36 --> Cannot access offset of type string on string
in APPPATH\Views\lihat_karyawan.php on line 79.
 1 SYSTEMPATH\View\View.php(224): include()
 2 SYSTEMPATH\View\View.php(227): CodeIgniter\View\View->CodeIgniter\View\{closure}()
 3 SYSTEMPATH\Common.php(1176): CodeIgniter\View\View->render('lihat_karyawan', [], true)
 4 APPPATH\Controllers\DaftarKaryawanController.php(194): view('lihat_karyawan', [...])
 5 SYSTEMPATH\CodeIgniter.php(932): App\Controllers\DaftarKaryawanController->lihat_karyawan('1695163179')
 6 SYSTEMPATH\CodeIgniter.php(497): CodeIgniter\CodeIgniter->runController(Object(App\Controllers\DaftarKaryawanController))
 7 SYSTEMPATH\CodeIgniter.php(366): CodeIgniter\CodeIgniter->handleRequest(null, Object(Config\Cache), false)
 8 FCPATH\index.php(67): CodeIgniter\CodeIgniter->run()
 9 SYSTEMPATH\Commands\Server\rewrite.php(47): require_once('D:\\SKYWORX\\Project\\good-year-new\\GoodYear\\public\\index.php')
INFO - 2023-09-20 07:19:51 --> Session: Class initialized using 'CodeIgniter\Session\Handlers\FileHandler' driver.
INFO - 2023-09-20 07:19:57 --> Session: Class initialized using 'CodeIgniter\Session\Handlers\FileHandler' driver.
INFO - 2023-09-20 07:20:02 --> Session: Class initialized using 'CodeIgniter\Session\Handlers\FileHandler' driver.
INFO - 2023-09-20 07:20:38 --> Session: Class initialized using 'CodeIgniter\Session\Handlers\FileHandler' driver.
INFO - 2023-09-20 07:20:44 --> Session: Class initialized using 'CodeIgniter\Session\Handlers\FileHandler' driver.
INFO - 2023-09-20 07:20:46 --> Session: Class initialized using 'CodeIgniter\Session\Handlers\FileHandler' driver.
INFO - 2023-09-20 07:20:57 --> Session: Class initialized using 'CodeIgniter\Session\Handlers\FileHandler' driver.
