ERROR - 2023-08-27 10:07:35 --> ErrorException: pg_query(): Query failed: ERROR:  value too long for type character(50) in D:\project\ci4\GoodYear\system\Database\Postgre\Connection.php:187
Stack trace:
#0 [internal function]: CodeIgniter\Debug\Exceptions->errorHandler(2, 'pg_query(): Que...', 'D:\\project\\ci4\\...', 187)
#1 D:\project\ci4\GoodYear\system\Database\Postgre\Connection.php(187): pg_query(Object(PgSql\Connection), 'INSERT INTO "ro...')
#2 D:\project\ci4\GoodYear\system\Database\BaseConnection.php(692): CodeIgniter\Database\Postgre\Connection->execute('INSERT INTO "ro...')
#3 D:\project\ci4\GoodYear\system\Database\BaseConnection.php(606): CodeIgniter\Database\BaseConnection->simpleQuery('INSERT INTO "ro...')
#4 D:\project\ci4\GoodYear\system\Database\BaseBuilder.php(1801): CodeIgniter\Database\BaseConnection->query('INSERT INTO "ro...', NULL, false)
#5 D:\project\ci4\GoodYear\system\Database\BaseBuilder.php(2192): CodeIgniter\Database\BaseBuilder->batchExecute('_insertBatch', 100)
#6 D:\project\ci4\GoodYear\system\Model.php(364): CodeIgniter\Database\BaseBuilder->insertBatch(Array, NULL, 100)
#7 D:\project\ci4\GoodYear\system\BaseModel.php(874): CodeIgniter\Model->doInsertBatch(Array, NULL, 100, false)
#8 D:\project\ci4\GoodYear\app\Database\Seeds\UserSeeder.php(23): CodeIgniter\BaseModel->insertBatch(Array)
#9 D:\project\ci4\GoodYear\system\Database\Seeder.php(146): App\Database\Seeds\UserSeeder->run()
#10 D:\project\ci4\GoodYear\system\Commands\Database\Seed.php(77): CodeIgniter\Database\Seeder->call('App\\Database\\Se...')
#11 D:\project\ci4\GoodYear\system\CLI\Commands.php(65): CodeIgniter\Commands\Database\Seed->run(Array)
#12 D:\project\ci4\GoodYear\system\CLI\Console.php(37): CodeIgniter\CLI\Commands->run('db:seed', Array)
#13 D:\project\ci4\GoodYear\spark(97): CodeIgniter\CLI\Console->run()
#14 {main}
ERROR - 2023-08-27 13:43:11 --> Error connecting to the database: ErrorException: pg_connect(): Unable to connect to PostgreSQL server: invalid sslmode value: "1" in D:\project\ci4\GoodYear\system\Database\Postgre\Connection.php:72
Stack trace:
#0 [internal function]: CodeIgniter\Debug\Exceptions->errorHandler(2, 'pg_connect(): U...', 'D:\\project\\ci4\\...', 72)
#1 D:\project\ci4\GoodYear\system\Database\Postgre\Connection.php(72): pg_connect('host=hostname p...')
#2 D:\project\ci4\GoodYear\system\Database\BaseConnection.php(391): CodeIgniter\Database\Postgre\Connection->connect(false)
#3 D:\project\ci4\GoodYear\system\Database\Database.php(66): CodeIgniter\Database\BaseConnection->initialize()
#4 D:\project\ci4\GoodYear\system\Database\Config.php(108): CodeIgniter\Database\Database->loadForge(Object(CodeIgniter\Database\Postgre\Connection))
#5 D:\project\ci4\GoodYear\system\Database\Seeder.php(97): CodeIgniter\Database\Config::forge(NULL)
#6 D:\project\ci4\GoodYear\system\Commands\Database\Seed.php(69): CodeIgniter\Database\Seeder->__construct(Object(Config\Database))
#7 D:\project\ci4\GoodYear\system\CLI\Commands.php(65): CodeIgniter\Commands\Database\Seed->run(Array)
#8 D:\project\ci4\GoodYear\system\CLI\Console.php(37): CodeIgniter\CLI\Commands->run('db:seed', Array)
#9 D:\project\ci4\GoodYear\spark(97): CodeIgniter\CLI\Console->run()
#10 {main}
CRITICAL - 2023-08-27 13:43:11 --> Unable to connect to the database.
Main connection [Postgre]: pg_connect(): Unable to connect to PostgreSQL server: invalid sslmode value: "1"
in SYSTEMPATH\Database\BaseConnection.php on line 427.
 1 SYSTEMPATH\Database\Database.php(66): CodeIgniter\Database\BaseConnection->initialize()
 2 SYSTEMPATH\Database\Config.php(108): CodeIgniter\Database\Database->loadForge(Object(CodeIgniter\Database\Postgre\Connection))
 3 SYSTEMPATH\Database\Seeder.php(97): CodeIgniter\Database\Config::forge(null)
 4 SYSTEMPATH\Commands\Database\Seed.php(69): CodeIgniter\Database\Seeder->__construct(Object(Config\Database))
 5 SYSTEMPATH\CLI\Commands.php(65): CodeIgniter\Commands\Database\Seed->run([...])
 6 SYSTEMPATH\CLI\Console.php(37): CodeIgniter\CLI\Commands->run('db:seed', [...])
 7 ROOTPATH\spark(97): CodeIgniter\CLI\Console->run()
ERROR - 2023-08-27 14:19:36 --> Error connecting to the database: ErrorException: pg_connect(): Unable to connect to PostgreSQL server: invalid sslmode value: "1" in D:\project\ci4\GoodYear\system\Database\Postgre\Connection.php:72
Stack trace:
#0 [internal function]: CodeIgniter\Debug\Exceptions->errorHandler(2, 'pg_connect(): U...', 'D:\\project\\ci4\\...', 72)
#1 D:\project\ci4\GoodYear\system\Database\Postgre\Connection.php(72): pg_connect('host=hostname p...')
#2 D:\project\ci4\GoodYear\system\Database\BaseConnection.php(391): CodeIgniter\Database\Postgre\Connection->connect(false)
#3 D:\project\ci4\GoodYear\system\Database\Database.php(66): CodeIgniter\Database\BaseConnection->initialize()
#4 D:\project\ci4\GoodYear\system\Database\Config.php(108): CodeIgniter\Database\Database->loadForge(Object(CodeIgniter\Database\Postgre\Connection))
#5 D:\project\ci4\GoodYear\system\Database\Seeder.php(97): CodeIgniter\Database\Config::forge(NULL)
#6 D:\project\ci4\GoodYear\system\Commands\Database\Seed.php(69): CodeIgniter\Database\Seeder->__construct(Object(Config\Database))
#7 D:\project\ci4\GoodYear\system\CLI\Commands.php(65): CodeIgniter\Commands\Database\Seed->run(Array)
#8 D:\project\ci4\GoodYear\system\CLI\Console.php(37): CodeIgniter\CLI\Commands->run('db:seed', Array)
#9 D:\project\ci4\GoodYear\spark(97): CodeIgniter\CLI\Console->run()
#10 {main}
CRITICAL - 2023-08-27 14:19:36 --> Unable to connect to the database.
Main connection [Postgre]: pg_connect(): Unable to connect to PostgreSQL server: invalid sslmode value: "1"
in SYSTEMPATH\Database\BaseConnection.php on line 427.
 1 SYSTEMPATH\Database\Database.php(66): CodeIgniter\Database\BaseConnection->initialize()
 2 SYSTEMPATH\Database\Config.php(108): CodeIgniter\Database\Database->loadForge(Object(CodeIgniter\Database\Postgre\Connection))
 3 SYSTEMPATH\Database\Seeder.php(97): CodeIgniter\Database\Config::forge(null)
 4 SYSTEMPATH\Commands\Database\Seed.php(69): CodeIgniter\Database\Seeder->__construct(Object(Config\Database))
 5 SYSTEMPATH\CLI\Commands.php(65): CodeIgniter\Commands\Database\Seed->run([...])
 6 SYSTEMPATH\CLI\Console.php(37): CodeIgniter\CLI\Commands->run('db:seed', [...])
 7 ROOTPATH\spark(97): CodeIgniter\CLI\Console->run()
CRITICAL - 2023-08-27 14:25:04 --> pg_connect(): Unable to connect to PostgreSQL server: could not translate host name &quot;localhost:8080&quot; to address: Unknown host
in APPPATH\Views\Connection.php on line 10.
 1 [internal function]: CodeIgniter\Debug\Exceptions->errorHandler(2, 'pg_connect(): Unable to connect to PostgreSQL server: could not translate host name &quot;localhost:8080&quot; to address: Unknown host', 'D:\\project\\ci4\\GoodYear\\app\\Views\\Connection.php', 10)
 2 APPPATH\Views\Connection.php(10): pg_connect('host=localhost:8080 port=5432 dbname=db-goodyear user=postgres password=tvu443xx22')
 3 APPPATH\Views\login.php(2): include('D:\\project\\ci4\\GoodYear\\app\\Views\\Connection.php')
 4 SYSTEMPATH\View\View.php(224): include('D:\\project\\ci4\\GoodYear\\app\\Views\\login.php')
 5 SYSTEMPATH\View\View.php(227): CodeIgniter\View\View->CodeIgniter\View\{closure}()
 6 SYSTEMPATH\Common.php(1176): CodeIgniter\View\View->render('login', [], true)
 7 APPPATH\Controllers\Home.php(9): view('login')
 8 SYSTEMPATH\CodeIgniter.php(932): App\Controllers\Home->index()
 9 SYSTEMPATH\CodeIgniter.php(497): CodeIgniter\CodeIgniter->runController(Object(App\Controllers\Home))
10 SYSTEMPATH\CodeIgniter.php(366): CodeIgniter\CodeIgniter->handleRequest(null, Object(Config\Cache), false)
11 FCPATH\index.php(67): CodeIgniter\CodeIgniter->run()
12 SYSTEMPATH\Commands\Server\rewrite.php(47): require_once('D:\\project\\ci4\\GoodYear\\public\\index.php')
CRITICAL - 2023-08-27 14:25:42 --> pg_connect(): Unable to connect to PostgreSQL server: could not translate host name &quot;localhost:8080&quot; to address: Unknown host
in APPPATH\Views\Connection.php on line 9.
 1 [internal function]: CodeIgniter\Debug\Exceptions->errorHandler(2, 'pg_connect(): Unable to connect to PostgreSQL server: could not translate host name &quot;localhost:8080&quot; to address: Unknown host', 'D:\\project\\ci4\\GoodYear\\app\\Views\\Connection.php', 9)
 2 APPPATH\Views\Connection.php(9): pg_connect('host=localhost:8080 port=5432 dbname=db-goodyear user=postgres password=tvu443xx22')
 3 APPPATH\Views\login.php(2): include('D:\\project\\ci4\\GoodYear\\app\\Views\\Connection.php')
 4 SYSTEMPATH\View\View.php(224): include('D:\\project\\ci4\\GoodYear\\app\\Views\\login.php')
 5 SYSTEMPATH\View\View.php(227): CodeIgniter\View\View->CodeIgniter\View\{closure}()
 6 SYSTEMPATH\Common.php(1176): CodeIgniter\View\View->render('login', [], true)
 7 APPPATH\Controllers\Home.php(9): view('login')
 8 SYSTEMPATH\CodeIgniter.php(932): App\Controllers\Home->index()
 9 SYSTEMPATH\CodeIgniter.php(497): CodeIgniter\CodeIgniter->runController(Object(App\Controllers\Home))
10 SYSTEMPATH\CodeIgniter.php(366): CodeIgniter\CodeIgniter->handleRequest(null, Object(Config\Cache), false)
11 FCPATH\index.php(67): CodeIgniter\CodeIgniter->run()
12 SYSTEMPATH\Commands\Server\rewrite.php(47): require_once('D:\\project\\ci4\\GoodYear\\public\\index.php')
CRITICAL - 2023-08-27 14:48:52 --> pg_connect(): Unable to connect to PostgreSQL server: could not translate host name &quot;localhost:8080&quot; to address: Unknown host
in APPPATH\Views\Connection.php on line 9.
 1 [internal function]: CodeIgniter\Debug\Exceptions->errorHandler(2, 'pg_connect(): Unable to connect to PostgreSQL server: could not translate host name &quot;localhost:8080&quot; to address: Unknown host', 'D:\\project\\ci4\\GoodYear\\app\\Views\\Connection.php', 9)
 2 APPPATH\Views\Connection.php(9): pg_connect('host=localhost:8080 port=5432 dbname=db-goodyear user=postgres password=tvu443xx22')
 3 APPPATH\Views\login.php(2): include('D:\\project\\ci4\\GoodYear\\app\\Views\\Connection.php')
 4 SYSTEMPATH\View\View.php(224): include('D:\\project\\ci4\\GoodYear\\app\\Views\\login.php')
 5 SYSTEMPATH\View\View.php(227): CodeIgniter\View\View->CodeIgniter\View\{closure}()
 6 SYSTEMPATH\Common.php(1176): CodeIgniter\View\View->render('login', [], true)
 7 APPPATH\Controllers\Home.php(9): view('login')
 8 SYSTEMPATH\CodeIgniter.php(932): App\Controllers\Home->index()
 9 SYSTEMPATH\CodeIgniter.php(497): CodeIgniter\CodeIgniter->runController(Object(App\Controllers\Home))
10 SYSTEMPATH\CodeIgniter.php(366): CodeIgniter\CodeIgniter->handleRequest(null, Object(Config\Cache), false)
11 FCPATH\index.php(67): CodeIgniter\CodeIgniter->run()
12 SYSTEMPATH\Commands\Server\rewrite.php(47): require_once('D:\\project\\ci4\\GoodYear\\public\\index.php')
CRITICAL - 2023-08-27 14:52:06 --> pg_connect(): Unable to connect to PostgreSQL server: could not translate host name &quot;`localhost:8080`&quot; to address: Unknown host
in APPPATH\Views\Connection.php on line 9.
 1 [internal function]: CodeIgniter\Debug\Exceptions->errorHandler(2, 'pg_connect(): Unable to connect to PostgreSQL server: could not translate host name &quot;`localhost:8080`&quot; to address: Unknown host', 'D:\\project\\ci4\\GoodYear\\app\\Views\\Connection.php', 9)
 2 APPPATH\Views\Connection.php(9): pg_connect('host=`localhost:8080` dbname=`db-goodyear` user=`postgres` password=`tvu443xx22`')
 3 APPPATH\Views\login.php(2): include('D:\\project\\ci4\\GoodYear\\app\\Views\\Connection.php')
 4 SYSTEMPATH\View\View.php(224): include('D:\\project\\ci4\\GoodYear\\app\\Views\\login.php')
 5 SYSTEMPATH\View\View.php(227): CodeIgniter\View\View->CodeIgniter\View\{closure}()
 6 SYSTEMPATH\Common.php(1176): CodeIgniter\View\View->render('login', [], true)
 7 APPPATH\Controllers\Home.php(9): view('login')
 8 SYSTEMPATH\CodeIgniter.php(932): App\Controllers\Home->index()
 9 SYSTEMPATH\CodeIgniter.php(497): CodeIgniter\CodeIgniter->runController(Object(App\Controllers\Home))
10 SYSTEMPATH\CodeIgniter.php(366): CodeIgniter\CodeIgniter->handleRequest(null, Object(Config\Cache), false)
11 FCPATH\index.php(67): CodeIgniter\CodeIgniter->run()
12 SYSTEMPATH\Commands\Server\rewrite.php(47): require_once('D:\\project\\ci4\\GoodYear\\public\\index.php')
CRITICAL - 2023-08-27 14:52:18 --> pg_connect(): Unable to connect to PostgreSQL server: could not translate host name &quot;`localhost`&quot; to address: Unknown host
in APPPATH\Views\Connection.php on line 9.
 1 [internal function]: CodeIgniter\Debug\Exceptions->errorHandler(2, 'pg_connect(): Unable to connect to PostgreSQL server: could not translate host name &quot;`localhost`&quot; to address: Unknown host', 'D:\\project\\ci4\\GoodYear\\app\\Views\\Connection.php', 9)
 2 APPPATH\Views\Connection.php(9): pg_connect('host=`localhost` dbname=`db-goodyear` user=`postgres` password=`tvu443xx22`')
 3 APPPATH\Views\login.php(2): include('D:\\project\\ci4\\GoodYear\\app\\Views\\Connection.php')
 4 SYSTEMPATH\View\View.php(224): include('D:\\project\\ci4\\GoodYear\\app\\Views\\login.php')
 5 SYSTEMPATH\View\View.php(227): CodeIgniter\View\View->CodeIgniter\View\{closure}()
 6 SYSTEMPATH\Common.php(1176): CodeIgniter\View\View->render('login', [], true)
 7 APPPATH\Controllers\Home.php(9): view('login')
 8 SYSTEMPATH\CodeIgniter.php(932): App\Controllers\Home->index()
 9 SYSTEMPATH\CodeIgniter.php(497): CodeIgniter\CodeIgniter->runController(Object(App\Controllers\Home))
10 SYSTEMPATH\CodeIgniter.php(366): CodeIgniter\CodeIgniter->handleRequest(null, Object(Config\Cache), false)
11 FCPATH\index.php(67): CodeIgniter\CodeIgniter->run()
12 SYSTEMPATH\Commands\Server\rewrite.php(47): require_once('D:\\project\\ci4\\GoodYear\\public\\index.php')
