INFO - 2023-09-09 00:10:36 --> Session: Class initialized using 'CodeIgniter\Session\Handlers\FileHandler' driver.
INFO - 2023-09-09 00:10:56 --> Session: Class initialized using 'CodeIgniter\Session\Handlers\FileHandler' driver.
INFO - 2023-09-09 00:11:08 --> Session: Class initialized using 'CodeIgniter\Session\Handlers\FileHandler' driver.
INFO - 2023-09-09 00:11:12 --> Session: Class initialized using 'CodeIgniter\Session\Handlers\FileHandler' driver.
INFO - 2023-09-09 00:11:12 --> Session: Class initialized using 'CodeIgniter\Session\Handlers\FileHandler' driver.
INFO - 2023-09-09 00:11:13 --> Session: Class initialized using 'CodeIgniter\Session\Handlers\FileHandler' driver.
INFO - 2023-09-09 00:11:13 --> Session: Class initialized using 'CodeIgniter\Session\Handlers\FileHandler' driver.
INFO - 2023-09-09 00:11:14 --> Session: Class initialized using 'CodeIgniter\Session\Handlers\FileHandler' driver.
INFO - 2023-09-09 00:11:14 --> Session: Class initialized using 'CodeIgniter\Session\Handlers\FileHandler' driver.
INFO - 2023-09-09 00:11:15 --> Session: Class initialized using 'CodeIgniter\Session\Handlers\FileHandler' driver.
INFO - 2023-09-09 00:11:15 --> Session: Class initialized using 'CodeIgniter\Session\Handlers\FileHandler' driver.
INFO - 2023-09-09 00:11:32 --> Session: Class initialized using 'CodeIgniter\Session\Handlers\FileHandler' driver.
INFO - 2023-09-09 00:11:32 --> Session: Class initialized using 'CodeIgniter\Session\Handlers\FileHandler' driver.
INFO - 2023-09-09 00:11:58 --> Session: Class initialized using 'CodeIgniter\Session\Handlers\FileHandler' driver.
INFO - 2023-09-09 00:12:06 --> Session: Class initialized using 'CodeIgniter\Session\Handlers\FileHandler' driver.
INFO - 2023-09-09 00:12:07 --> Session: Class initialized using 'CodeIgniter\Session\Handlers\FileHandler' driver.
INFO - 2023-09-09 00:15:01 --> Session: Class initialized using 'CodeIgniter\Session\Handlers\FileHandler' driver.
INFO - 2023-09-09 00:15:04 --> Session: Class initialized using 'CodeIgniter\Session\Handlers\FileHandler' driver.
INFO - 2023-09-09 00:20:36 --> Session: Class initialized using 'CodeIgniter\Session\Handlers\FileHandler' driver.
INFO - 2023-09-09 00:20:49 --> Session: Class initialized using 'CodeIgniter\Session\Handlers\FileHandler' driver.
INFO - 2023-09-09 00:20:49 --> Session: Class initialized using 'CodeIgniter\Session\Handlers\FileHandler' driver.
INFO - 2023-09-09 00:20:55 --> Session: Class initialized using 'CodeIgniter\Session\Handlers\FileHandler' driver.
INFO - 2023-09-09 00:20:57 --> Session: Class initialized using 'CodeIgniter\Session\Handlers\FileHandler' driver.
INFO - 2023-09-09 00:21:05 --> Session: Class initialized using 'CodeIgniter\Session\Handlers\FileHandler' driver.
INFO - 2023-09-09 00:21:05 --> Session: Class initialized using 'CodeIgniter\Session\Handlers\FileHandler' driver.
INFO - 2023-09-09 00:22:48 --> Session: Class initialized using 'CodeIgniter\Session\Handlers\FileHandler' driver.
INFO - 2023-09-09 00:22:55 --> Session: Class initialized using 'CodeIgniter\Session\Handlers\FileHandler' driver.
INFO - 2023-09-09 00:22:56 --> Session: Class initialized using 'CodeIgniter\Session\Handlers\FileHandler' driver.
INFO - 2023-09-09 00:25:06 --> Session: Class initialized using 'CodeIgniter\Session\Handlers\FileHandler' driver.
INFO - 2023-09-09 00:25:13 --> Session: Class initialized using 'CodeIgniter\Session\Handlers\FileHandler' driver.
INFO - 2023-09-09 00:25:15 --> Session: Class initialized using 'CodeIgniter\Session\Handlers\FileHandler' driver.
INFO - 2023-09-09 00:26:00 --> Session: Class initialized using 'CodeIgniter\Session\Handlers\FileHandler' driver.
INFO - 2023-09-09 00:26:07 --> Session: Class initialized using 'CodeIgniter\Session\Handlers\FileHandler' driver.
INFO - 2023-09-09 00:26:09 --> Session: Class initialized using 'CodeIgniter\Session\Handlers\FileHandler' driver.
INFO - 2023-09-09 00:26:21 --> Session: Class initialized using 'CodeIgniter\Session\Handlers\FileHandler' driver.
INFO - 2023-09-09 00:26:29 --> Session: Class initialized using 'CodeIgniter\Session\Handlers\FileHandler' driver.
INFO - 2023-09-09 00:26:29 --> Session: Class initialized using 'CodeIgniter\Session\Handlers\FileHandler' driver.
INFO - 2023-09-09 00:31:42 --> Session: Class initialized using 'CodeIgniter\Session\Handlers\FileHandler' driver.
INFO - 2023-09-09 00:31:49 --> Session: Class initialized using 'CodeIgniter\Session\Handlers\FileHandler' driver.
INFO - 2023-09-09 00:31:50 --> Session: Class initialized using 'CodeIgniter\Session\Handlers\FileHandler' driver.
INFO - 2023-09-09 00:35:59 --> Session: Class initialized using 'CodeIgniter\Session\Handlers\FileHandler' driver.
INFO - 2023-09-09 00:36:14 --> Session: Class initialized using 'CodeIgniter\Session\Handlers\FileHandler' driver.
INFO - 2023-09-09 00:39:02 --> Session: Class initialized using 'CodeIgniter\Session\Handlers\FileHandler' driver.
INFO - 2023-09-09 00:40:47 --> Session: Class initialized using 'CodeIgniter\Session\Handlers\FileHandler' driver.
INFO - 2023-09-09 00:40:54 --> Session: Class initialized using 'CodeIgniter\Session\Handlers\FileHandler' driver.
INFO - 2023-09-09 00:40:55 --> Session: Class initialized using 'CodeIgniter\Session\Handlers\FileHandler' driver.
INFO - 2023-09-09 00:41:48 --> Session: Class initialized using 'CodeIgniter\Session\Handlers\FileHandler' driver.
INFO - 2023-09-09 00:50:19 --> Session: Class initialized using 'CodeIgniter\Session\Handlers\FileHandler' driver.
INFO - 2023-09-09 00:50:24 --> Session: Class initialized using 'CodeIgniter\Session\Handlers\FileHandler' driver.
INFO - 2023-09-09 00:50:26 --> Session: Class initialized using 'CodeIgniter\Session\Handlers\FileHandler' driver.
INFO - 2023-09-09 00:51:17 --> Session: Class initialized using 'CodeIgniter\Session\Handlers\FileHandler' driver.
INFO - 2023-09-09 00:51:21 --> Session: Class initialized using 'CodeIgniter\Session\Handlers\FileHandler' driver.
INFO - 2023-09-09 00:51:21 --> Session: Class initialized using 'CodeIgniter\Session\Handlers\FileHandler' driver.
INFO - 2023-09-09 02:02:31 --> Session: Class initialized using 'CodeIgniter\Session\Handlers\FileHandler' driver.
INFO - 2023-09-09 02:02:56 --> Session: Class initialized using 'CodeIgniter\Session\Handlers\FileHandler' driver.
INFO - 2023-09-09 02:03:35 --> Session: Class initialized using 'CodeIgniter\Session\Handlers\FileHandler' driver.
INFO - 2023-09-09 02:03:36 --> Session: Class initialized using 'CodeIgniter\Session\Handlers\FileHandler' driver.
INFO - 2023-09-09 02:04:06 --> Session: Class initialized using 'CodeIgniter\Session\Handlers\FileHandler' driver.
INFO - 2023-09-09 02:04:11 --> Session: Class initialized using 'CodeIgniter\Session\Handlers\FileHandler' driver.
INFO - 2023-09-09 02:04:13 --> Session: Class initialized using 'CodeIgniter\Session\Handlers\FileHandler' driver.
INFO - 2023-09-09 02:05:12 --> Session: Class initialized using 'CodeIgniter\Session\Handlers\FileHandler' driver.
INFO - 2023-09-09 02:05:15 --> Session: Class initialized using 'CodeIgniter\Session\Handlers\FileHandler' driver.
INFO - 2023-09-09 02:05:20 --> Session: Class initialized using 'CodeIgniter\Session\Handlers\FileHandler' driver.
INFO - 2023-09-09 02:05:22 --> Session: Class initialized using 'CodeIgniter\Session\Handlers\FileHandler' driver.
INFO - 2023-09-09 02:06:57 --> Session: Class initialized using 'CodeIgniter\Session\Handlers\FileHandler' driver.
INFO - 2023-09-09 02:07:01 --> Session: Class initialized using 'CodeIgniter\Session\Handlers\FileHandler' driver.
INFO - 2023-09-09 02:07:47 --> Session: Class initialized using 'CodeIgniter\Session\Handlers\FileHandler' driver.
INFO - 2023-09-09 02:07:47 --> Session: Class initialized using 'CodeIgniter\Session\Handlers\FileHandler' driver.
INFO - 2023-09-09 02:07:47 --> Session: Class initialized using 'CodeIgniter\Session\Handlers\FileHandler' driver.
INFO - 2023-09-09 02:07:54 --> Session: Class initialized using 'CodeIgniter\Session\Handlers\FileHandler' driver.
INFO - 2023-09-09 02:07:54 --> Session: Class initialized using 'CodeIgniter\Session\Handlers\FileHandler' driver.
INFO - 2023-09-09 02:07:57 --> Session: Class initialized using 'CodeIgniter\Session\Handlers\FileHandler' driver.
INFO - 2023-09-09 02:07:59 --> Session: Class initialized using 'CodeIgniter\Session\Handlers\FileHandler' driver.
CRITICAL - 2023-09-09 02:07:59 --> Array to string conversion
in APPPATH\Views\isihalaman\tambah_role.php on line 18.
 1 APPPATH\Views\isihalaman\tambah_role.php(18): CodeIgniter\Debug\Exceptions->errorHandler(2, 'Array to string conversion', 'D:\\SKYWORX\\Project\\good-year-new\\GoodYear\\app\\Views\\isihalaman\\tambah_role.php', 18)
 2 APPPATH\Views\tambah_role.php(36): include('D:\\SKYWORX\\Project\\good-year-new\\GoodYear\\app\\Views\\isihalaman\\tambah_role.php')
 3 SYSTEMPATH\View\View.php(224): include('D:\\SKYWORX\\Project\\good-year-new\\GoodYear\\app\\Views\\tambah_role.php')
 4 SYSTEMPATH\View\View.php(227): CodeIgniter\View\View->CodeIgniter\View\{closure}()
 5 SYSTEMPATH\Common.php(1176): CodeIgniter\View\View->render('tambah_role', [], true)
 6 APPPATH\Controllers\DaftarRoleController.php(30): view('tambah_role', [...])
 7 SYSTEMPATH\CodeIgniter.php(932): App\Controllers\DaftarRoleController->tambah_role()
 8 SYSTEMPATH\CodeIgniter.php(497): CodeIgniter\CodeIgniter->runController(Object(App\Controllers\DaftarRoleController))
 9 SYSTEMPATH\CodeIgniter.php(366): CodeIgniter\CodeIgniter->handleRequest(null, Object(Config\Cache), false)
10 FCPATH\index.php(67): CodeIgniter\CodeIgniter->run()
11 SYSTEMPATH\Commands\Server\rewrite.php(47): require_once('D:\\SKYWORX\\Project\\good-year-new\\GoodYear\\public\\index.php')
INFO - 2023-09-09 02:09:32 --> Session: Class initialized using 'CodeIgniter\Session\Handlers\FileHandler' driver.
INFO - 2023-09-09 02:09:36 --> Session: Class initialized using 'CodeIgniter\Session\Handlers\FileHandler' driver.
INFO - 2023-09-09 02:09:38 --> Session: Class initialized using 'CodeIgniter\Session\Handlers\FileHandler' driver.
INFO - 2023-09-09 02:09:58 --> Session: Class initialized using 'CodeIgniter\Session\Handlers\FileHandler' driver.
INFO - 2023-09-09 02:09:58 --> Session: Class initialized using 'CodeIgniter\Session\Handlers\FileHandler' driver.
INFO - 2023-09-09 02:13:41 --> Session: Class initialized using 'CodeIgniter\Session\Handlers\FileHandler' driver.
INFO - 2023-09-09 02:14:18 --> Session: Class initialized using 'CodeIgniter\Session\Handlers\FileHandler' driver.
INFO - 2023-09-09 02:14:44 --> Session: Class initialized using 'CodeIgniter\Session\Handlers\FileHandler' driver.
INFO - 2023-09-09 02:14:51 --> Session: Class initialized using 'CodeIgniter\Session\Handlers\FileHandler' driver.
INFO - 2023-09-09 02:15:09 --> Session: Class initialized using 'CodeIgniter\Session\Handlers\FileHandler' driver.
INFO - 2023-09-09 02:15:51 --> Session: Class initialized using 'CodeIgniter\Session\Handlers\FileHandler' driver.
INFO - 2023-09-09 02:16:05 --> Session: Class initialized using 'CodeIgniter\Session\Handlers\FileHandler' driver.
INFO - 2023-09-09 02:16:07 --> Session: Class initialized using 'CodeIgniter\Session\Handlers\FileHandler' driver.
INFO - 2023-09-09 02:16:08 --> Session: Class initialized using 'CodeIgniter\Session\Handlers\FileHandler' driver.
INFO - 2023-09-09 02:16:09 --> Session: Class initialized using 'CodeIgniter\Session\Handlers\FileHandler' driver.
INFO - 2023-09-09 02:16:35 --> Session: Class initialized using 'CodeIgniter\Session\Handlers\FileHandler' driver.
INFO - 2023-09-09 02:16:36 --> Session: Class initialized using 'CodeIgniter\Session\Handlers\FileHandler' driver.
INFO - 2023-09-09 02:17:16 --> Session: Class initialized using 'CodeIgniter\Session\Handlers\FileHandler' driver.
INFO - 2023-09-09 02:17:17 --> Session: Class initialized using 'CodeIgniter\Session\Handlers\FileHandler' driver.
INFO - 2023-09-09 02:17:18 --> Session: Class initialized using 'CodeIgniter\Session\Handlers\FileHandler' driver.
INFO - 2023-09-09 02:18:04 --> Session: Class initialized using 'CodeIgniter\Session\Handlers\FileHandler' driver.
INFO - 2023-09-09 02:18:05 --> Session: Class initialized using 'CodeIgniter\Session\Handlers\FileHandler' driver.
INFO - 2023-09-09 02:18:27 --> Session: Class initialized using 'CodeIgniter\Session\Handlers\FileHandler' driver.
INFO - 2023-09-09 02:19:01 --> Session: Class initialized using 'CodeIgniter\Session\Handlers\FileHandler' driver.
INFO - 2023-09-09 02:19:41 --> Session: Class initialized using 'CodeIgniter\Session\Handlers\FileHandler' driver.
CRITICAL - 2023-09-09 02:19:41 --> include(atas.php): Failed to open stream: No such file or directory
in APPPATH\Views\daftar_karyawan.php on line 1.
 1 APPPATH\Views\daftar_karyawan.php(1): CodeIgniter\Debug\Exceptions->errorHandler(2, 'include(atas.php): Failed to open stream: No such file or directory', 'D:\\SKYWORX\\Project\\good-year-new\\GoodYear\\app\\Views\\daftar_karyawan.php', 1)
 2 APPPATH\Views\daftar_karyawan.php(1): include()
 3 SYSTEMPATH\View\View.php(224): include('D:\\SKYWORX\\Project\\good-year-new\\GoodYear\\app\\Views\\daftar_karyawan.php')
 4 SYSTEMPATH\View\View.php(227): CodeIgniter\View\View->CodeIgniter\View\{closure}()
 5 SYSTEMPATH\Common.php(1176): CodeIgniter\View\View->render('daftar_karyawan', [], true)
 6 APPPATH\Controllers\DaftarKaryawanController.php(27): view('daftar_karyawan', [...])
 7 SYSTEMPATH\CodeIgniter.php(932): App\Controllers\DaftarKaryawanController->index()
 8 SYSTEMPATH\CodeIgniter.php(497): CodeIgniter\CodeIgniter->runController(Object(App\Controllers\DaftarKaryawanController))
 9 SYSTEMPATH\CodeIgniter.php(366): CodeIgniter\CodeIgniter->handleRequest(null, Object(Config\Cache), false)
10 FCPATH\index.php(67): CodeIgniter\CodeIgniter->run()
11 SYSTEMPATH\Commands\Server\rewrite.php(47): require_once('D:\\SKYWORX\\Project\\good-year-new\\GoodYear\\public\\index.php')
INFO - 2023-09-09 02:20:15 --> Session: Class initialized using 'CodeIgniter\Session\Handlers\FileHandler' driver.
CRITICAL - 2023-09-09 02:20:15 --> include(/layout/atas.php): Failed to open stream: No such file or directory
in APPPATH\Views\daftar_karyawan.php on line 1.
 1 APPPATH\Views\daftar_karyawan.php(1): CodeIgniter\Debug\Exceptions->errorHandler(2, 'include(/layout/atas.php): Failed to open stream: No such file or directory', 'D:\\SKYWORX\\Project\\good-year-new\\GoodYear\\app\\Views\\daftar_karyawan.php', 1)
 2 APPPATH\Views\daftar_karyawan.php(1): include()
 3 SYSTEMPATH\View\View.php(224): include('D:\\SKYWORX\\Project\\good-year-new\\GoodYear\\app\\Views\\daftar_karyawan.php')
 4 SYSTEMPATH\View\View.php(227): CodeIgniter\View\View->CodeIgniter\View\{closure}()
 5 SYSTEMPATH\Common.php(1176): CodeIgniter\View\View->render('daftar_karyawan', [], true)
 6 APPPATH\Controllers\DaftarKaryawanController.php(27): view('daftar_karyawan', [...])
 7 SYSTEMPATH\CodeIgniter.php(932): App\Controllers\DaftarKaryawanController->index()
 8 SYSTEMPATH\CodeIgniter.php(497): CodeIgniter\CodeIgniter->runController(Object(App\Controllers\DaftarKaryawanController))
 9 SYSTEMPATH\CodeIgniter.php(366): CodeIgniter\CodeIgniter->handleRequest(null, Object(Config\Cache), false)
10 FCPATH\index.php(67): CodeIgniter\CodeIgniter->run()
11 SYSTEMPATH\Commands\Server\rewrite.php(47): require_once('D:\\SKYWORX\\Project\\good-year-new\\GoodYear\\public\\index.php')
INFO - 2023-09-09 02:20:23 --> Session: Class initialized using 'CodeIgniter\Session\Handlers\FileHandler' driver.
CRITICAL - 2023-09-09 02:20:23 --> include(../layout/atas.php): Failed to open stream: No such file or directory
in APPPATH\Views\daftar_karyawan.php on line 1.
 1 APPPATH\Views\daftar_karyawan.php(1): CodeIgniter\Debug\Exceptions->errorHandler(2, 'include(../layout/atas.php): Failed to open stream: No such file or directory', 'D:\\SKYWORX\\Project\\good-year-new\\GoodYear\\app\\Views\\daftar_karyawan.php', 1)
 2 APPPATH\Views\daftar_karyawan.php(1): include()
 3 SYSTEMPATH\View\View.php(224): include('D:\\SKYWORX\\Project\\good-year-new\\GoodYear\\app\\Views\\daftar_karyawan.php')
 4 SYSTEMPATH\View\View.php(227): CodeIgniter\View\View->CodeIgniter\View\{closure}()
 5 SYSTEMPATH\Common.php(1176): CodeIgniter\View\View->render('daftar_karyawan', [], true)
 6 APPPATH\Controllers\DaftarKaryawanController.php(27): view('daftar_karyawan', [...])
 7 SYSTEMPATH\CodeIgniter.php(932): App\Controllers\DaftarKaryawanController->index()
 8 SYSTEMPATH\CodeIgniter.php(497): CodeIgniter\CodeIgniter->runController(Object(App\Controllers\DaftarKaryawanController))
 9 SYSTEMPATH\CodeIgniter.php(366): CodeIgniter\CodeIgniter->handleRequest(null, Object(Config\Cache), false)
10 FCPATH\index.php(67): CodeIgniter\CodeIgniter->run()
11 SYSTEMPATH\Commands\Server\rewrite.php(47): require_once('D:\\SKYWORX\\Project\\good-year-new\\GoodYear\\public\\index.php')
INFO - 2023-09-09 02:20:41 --> Session: Class initialized using 'CodeIgniter\Session\Handlers\FileHandler' driver.
CRITICAL - 2023-09-09 02:20:41 --> include(../kumpulanlink/linkatas.php): Failed to open stream: No such file or directory
in APPPATH\Views\layout\atas.php on line 15.
 1 APPPATH\Views\layout\atas.php(15): CodeIgniter\Debug\Exceptions->errorHandler(2, 'include(../kumpulanlink/linkatas.php): Failed to open stream: No such file or directory', 'D:\\SKYWORX\\Project\\good-year-new\\GoodYear\\app\\Views\\layout\\atas.php', 15)
 2 APPPATH\Views\layout\atas.php(15): include()
 3 APPPATH\Views\daftar_karyawan.php(1): include('D:\\SKYWORX\\Project\\good-year-new\\GoodYear\\app\\Views\\layout\\atas.php')
 4 SYSTEMPATH\View\View.php(224): include('D:\\SKYWORX\\Project\\good-year-new\\GoodYear\\app\\Views\\daftar_karyawan.php')
 5 SYSTEMPATH\View\View.php(227): CodeIgniter\View\View->CodeIgniter\View\{closure}()
 6 SYSTEMPATH\Common.php(1176): CodeIgniter\View\View->render('daftar_karyawan', [], true)
 7 APPPATH\Controllers\DaftarKaryawanController.php(27): view('daftar_karyawan', [...])
 8 SYSTEMPATH\CodeIgniter.php(932): App\Controllers\DaftarKaryawanController->index()
 9 SYSTEMPATH\CodeIgniter.php(497): CodeIgniter\CodeIgniter->runController(Object(App\Controllers\DaftarKaryawanController))
10 SYSTEMPATH\CodeIgniter.php(366): CodeIgniter\CodeIgniter->handleRequest(null, Object(Config\Cache), false)
11 FCPATH\index.php(67): CodeIgniter\CodeIgniter->run()
12 SYSTEMPATH\Commands\Server\rewrite.php(47): require_once('D:\\SKYWORX\\Project\\good-year-new\\GoodYear\\public\\index.php')
INFO - 2023-09-09 02:21:09 --> Session: Class initialized using 'CodeIgniter\Session\Handlers\FileHandler' driver.
CRITICAL - 2023-09-09 02:21:09 --> include(/linkatas.php): Failed to open stream: No such file or directory
in APPPATH\Views\layout\atas.php on line 15.
 1 APPPATH\Views\layout\atas.php(15): CodeIgniter\Debug\Exceptions->errorHandler(2, 'include(/linkatas.php): Failed to open stream: No such file or directory', 'D:\\SKYWORX\\Project\\good-year-new\\GoodYear\\app\\Views\\layout\\atas.php', 15)
 2 APPPATH\Views\layout\atas.php(15): include()
 3 APPPATH\Views\daftar_karyawan.php(1): include('D:\\SKYWORX\\Project\\good-year-new\\GoodYear\\app\\Views\\layout\\atas.php')
 4 SYSTEMPATH\View\View.php(224): include('D:\\SKYWORX\\Project\\good-year-new\\GoodYear\\app\\Views\\daftar_karyawan.php')
 5 SYSTEMPATH\View\View.php(227): CodeIgniter\View\View->CodeIgniter\View\{closure}()
 6 SYSTEMPATH\Common.php(1176): CodeIgniter\View\View->render('daftar_karyawan', [], true)
 7 APPPATH\Controllers\DaftarKaryawanController.php(27): view('daftar_karyawan', [...])
 8 SYSTEMPATH\CodeIgniter.php(932): App\Controllers\DaftarKaryawanController->index()
 9 SYSTEMPATH\CodeIgniter.php(497): CodeIgniter\CodeIgniter->runController(Object(App\Controllers\DaftarKaryawanController))
10 SYSTEMPATH\CodeIgniter.php(366): CodeIgniter\CodeIgniter->handleRequest(null, Object(Config\Cache), false)
11 FCPATH\index.php(67): CodeIgniter\CodeIgniter->run()
12 SYSTEMPATH\Commands\Server\rewrite.php(47): require_once('D:\\SKYWORX\\Project\\good-year-new\\GoodYear\\public\\index.php')
INFO - 2023-09-09 02:21:26 --> Session: Class initialized using 'CodeIgniter\Session\Handlers\FileHandler' driver.
CRITICAL - 2023-09-09 02:21:26 --> include(../kumpulanlink/linkatas.php): Failed to open stream: No such file or directory
in APPPATH\Views\layout\atas.php on line 15.
 1 APPPATH\Views\layout\atas.php(15): CodeIgniter\Debug\Exceptions->errorHandler(2, 'include(../kumpulanlink/linkatas.php): Failed to open stream: No such file or directory', 'D:\\SKYWORX\\Project\\good-year-new\\GoodYear\\app\\Views\\layout\\atas.php', 15)
 2 APPPATH\Views\layout\atas.php(15): include()
 3 APPPATH\Views\daftar_karyawan.php(1): include('D:\\SKYWORX\\Project\\good-year-new\\GoodYear\\app\\Views\\layout\\atas.php')
 4 SYSTEMPATH\View\View.php(224): include('D:\\SKYWORX\\Project\\good-year-new\\GoodYear\\app\\Views\\daftar_karyawan.php')
 5 SYSTEMPATH\View\View.php(227): CodeIgniter\View\View->CodeIgniter\View\{closure}()
 6 SYSTEMPATH\Common.php(1176): CodeIgniter\View\View->render('daftar_karyawan', [], true)
 7 APPPATH\Controllers\DaftarKaryawanController.php(27): view('daftar_karyawan', [...])
 8 SYSTEMPATH\CodeIgniter.php(932): App\Controllers\DaftarKaryawanController->index()
 9 SYSTEMPATH\CodeIgniter.php(497): CodeIgniter\CodeIgniter->runController(Object(App\Controllers\DaftarKaryawanController))
10 SYSTEMPATH\CodeIgniter.php(366): CodeIgniter\CodeIgniter->handleRequest(null, Object(Config\Cache), false)
11 FCPATH\index.php(67): CodeIgniter\CodeIgniter->run()
12 SYSTEMPATH\Commands\Server\rewrite.php(47): require_once('D:\\SKYWORX\\Project\\good-year-new\\GoodYear\\public\\index.php')
INFO - 2023-09-09 02:21:54 --> Session: Class initialized using 'CodeIgniter\Session\Handlers\FileHandler' driver.
CRITICAL - 2023-09-09 02:21:54 --> include(../kumpulanlink/linkatas.php): Failed to open stream: No such file or directory
in APPPATH\Views\layout\atas.php on line 15.
 1 APPPATH\Views\layout\atas.php(15): CodeIgniter\Debug\Exceptions->errorHandler(2, 'include(../kumpulanlink/linkatas.php): Failed to open stream: No such file or directory', 'D:\\SKYWORX\\Project\\good-year-new\\GoodYear\\app\\Views\\layout\\atas.php', 15)
 2 APPPATH\Views\layout\atas.php(15): include()
 3 APPPATH\Views\daftar_karyawan.php(1): include('D:\\SKYWORX\\Project\\good-year-new\\GoodYear\\app\\Views\\layout\\atas.php')
 4 SYSTEMPATH\View\View.php(224): include('D:\\SKYWORX\\Project\\good-year-new\\GoodYear\\app\\Views\\daftar_karyawan.php')
 5 SYSTEMPATH\View\View.php(227): CodeIgniter\View\View->CodeIgniter\View\{closure}()
 6 SYSTEMPATH\Common.php(1176): CodeIgniter\View\View->render('daftar_karyawan', [], true)
 7 APPPATH\Controllers\DaftarKaryawanController.php(27): view('daftar_karyawan', [...])
 8 SYSTEMPATH\CodeIgniter.php(932): App\Controllers\DaftarKaryawanController->index()
 9 SYSTEMPATH\CodeIgniter.php(497): CodeIgniter\CodeIgniter->runController(Object(App\Controllers\DaftarKaryawanController))
10 SYSTEMPATH\CodeIgniter.php(366): CodeIgniter\CodeIgniter->handleRequest(null, Object(Config\Cache), false)
11 FCPATH\index.php(67): CodeIgniter\CodeIgniter->run()
12 SYSTEMPATH\Commands\Server\rewrite.php(47): require_once('D:\\SKYWORX\\Project\\good-year-new\\GoodYear\\public\\index.php')
INFO - 2023-09-09 02:22:03 --> Session: Class initialized using 'CodeIgniter\Session\Handlers\FileHandler' driver.
CRITICAL - 2023-09-09 02:22:03 --> include(../sidebar.php): Failed to open stream: No such file or directory
in APPPATH\Views\layout\atas.php on line 22.
 1 APPPATH\Views\layout\atas.php(22): CodeIgniter\Debug\Exceptions->errorHandler(2, 'include(../sidebar.php): Failed to open stream: No such file or directory', 'D:\\SKYWORX\\Project\\good-year-new\\GoodYear\\app\\Views\\layout\\atas.php', 22)
 2 APPPATH\Views\layout\atas.php(22): include()
 3 APPPATH\Views\daftar_karyawan.php(1): include('D:\\SKYWORX\\Project\\good-year-new\\GoodYear\\app\\Views\\layout\\atas.php')
 4 SYSTEMPATH\View\View.php(224): include('D:\\SKYWORX\\Project\\good-year-new\\GoodYear\\app\\Views\\daftar_karyawan.php')
 5 SYSTEMPATH\View\View.php(227): CodeIgniter\View\View->CodeIgniter\View\{closure}()
 6 SYSTEMPATH\Common.php(1176): CodeIgniter\View\View->render('daftar_karyawan', [], true)
 7 APPPATH\Controllers\DaftarKaryawanController.php(27): view('daftar_karyawan', [...])
 8 SYSTEMPATH\CodeIgniter.php(932): App\Controllers\DaftarKaryawanController->index()
 9 SYSTEMPATH\CodeIgniter.php(497): CodeIgniter\CodeIgniter->runController(Object(App\Controllers\DaftarKaryawanController))
10 SYSTEMPATH\CodeIgniter.php(366): CodeIgniter\CodeIgniter->handleRequest(null, Object(Config\Cache), false)
11 FCPATH\index.php(67): CodeIgniter\CodeIgniter->run()
12 SYSTEMPATH\Commands\Server\rewrite.php(47): require_once('D:\\SKYWORX\\Project\\good-year-new\\GoodYear\\public\\index.php')
INFO - 2023-09-09 02:22:07 --> Session: Class initialized using 'CodeIgniter\Session\Handlers\FileHandler' driver.
CRITICAL - 2023-09-09 02:22:07 --> include(../navbar.php): Failed to open stream: No such file or directory
in APPPATH\Views\layout\atas.php on line 27.
 1 APPPATH\Views\layout\atas.php(27): CodeIgniter\Debug\Exceptions->errorHandler(2, 'include(../navbar.php): Failed to open stream: No such file or directory', 'D:\\SKYWORX\\Project\\good-year-new\\GoodYear\\app\\Views\\layout\\atas.php', 27)
 2 APPPATH\Views\layout\atas.php(27): include()
 3 APPPATH\Views\daftar_karyawan.php(1): include('D:\\SKYWORX\\Project\\good-year-new\\GoodYear\\app\\Views\\layout\\atas.php')
 4 SYSTEMPATH\View\View.php(224): include('D:\\SKYWORX\\Project\\good-year-new\\GoodYear\\app\\Views\\daftar_karyawan.php')
 5 SYSTEMPATH\View\View.php(227): CodeIgniter\View\View->CodeIgniter\View\{closure}()
 6 SYSTEMPATH\Common.php(1176): CodeIgniter\View\View->render('daftar_karyawan', [], true)
 7 APPPATH\Controllers\DaftarKaryawanController.php(27): view('daftar_karyawan', [...])
 8 SYSTEMPATH\CodeIgniter.php(932): App\Controllers\DaftarKaryawanController->index()
 9 SYSTEMPATH\CodeIgniter.php(497): CodeIgniter\CodeIgniter->runController(Object(App\Controllers\DaftarKaryawanController))
10 SYSTEMPATH\CodeIgniter.php(366): CodeIgniter\CodeIgniter->handleRequest(null, Object(Config\Cache), false)
11 FCPATH\index.php(67): CodeIgniter\CodeIgniter->run()
12 SYSTEMPATH\Commands\Server\rewrite.php(47): require_once('D:\\SKYWORX\\Project\\good-year-new\\GoodYear\\public\\index.php')
INFO - 2023-09-09 02:22:10 --> Session: Class initialized using 'CodeIgniter\Session\Handlers\FileHandler' driver.
CRITICAL - 2023-09-09 02:22:10 --> include(footer.php): Failed to open stream: No such file or directory
in APPPATH\Views\layout\bawah.php on line 5.
 1 APPPATH\Views\layout\bawah.php(5): CodeIgniter\Debug\Exceptions->errorHandler(2, 'include(footer.php): Failed to open stream: No such file or directory', 'D:\\SKYWORX\\Project\\good-year-new\\GoodYear\\app\\Views\\layout\\bawah.php', 5)
 2 APPPATH\Views\layout\bawah.php(5): include()
 3 APPPATH\Views\daftar_karyawan.php(89): include('D:\\SKYWORX\\Project\\good-year-new\\GoodYear\\app\\Views\\layout\\bawah.php')
 4 SYSTEMPATH\View\View.php(224): include('D:\\SKYWORX\\Project\\good-year-new\\GoodYear\\app\\Views\\daftar_karyawan.php')
 5 SYSTEMPATH\View\View.php(227): CodeIgniter\View\View->CodeIgniter\View\{closure}()
 6 SYSTEMPATH\Common.php(1176): CodeIgniter\View\View->render('daftar_karyawan', [], true)
 7 APPPATH\Controllers\DaftarKaryawanController.php(27): view('daftar_karyawan', [...])
 8 SYSTEMPATH\CodeIgniter.php(932): App\Controllers\DaftarKaryawanController->index()
 9 SYSTEMPATH\CodeIgniter.php(497): CodeIgniter\CodeIgniter->runController(Object(App\Controllers\DaftarKaryawanController))
10 SYSTEMPATH\CodeIgniter.php(366): CodeIgniter\CodeIgniter->handleRequest(null, Object(Config\Cache), false)
11 FCPATH\index.php(67): CodeIgniter\CodeIgniter->run()
12 SYSTEMPATH\Commands\Server\rewrite.php(47): require_once('D:\\SKYWORX\\Project\\good-year-new\\GoodYear\\public\\index.php')
INFO - 2023-09-09 02:22:26 --> Session: Class initialized using 'CodeIgniter\Session\Handlers\FileHandler' driver.
CRITICAL - 2023-09-09 02:22:26 --> include(kumpulanscript/linkbawah.php): Failed to open stream: No such file or directory
in APPPATH\Views\layout\bawah.php on line 22.
 1 APPPATH\Views\layout\bawah.php(22): CodeIgniter\Debug\Exceptions->errorHandler(2, 'include(kumpulanscript/linkbawah.php): Failed to open stream: No such file or directory', 'D:\\SKYWORX\\Project\\good-year-new\\GoodYear\\app\\Views\\layout\\bawah.php', 22)
 2 APPPATH\Views\layout\bawah.php(22): include()
 3 APPPATH\Views\daftar_karyawan.php(89): include('D:\\SKYWORX\\Project\\good-year-new\\GoodYear\\app\\Views\\layout\\bawah.php')
 4 SYSTEMPATH\View\View.php(224): include('D:\\SKYWORX\\Project\\good-year-new\\GoodYear\\app\\Views\\daftar_karyawan.php')
 5 SYSTEMPATH\View\View.php(227): CodeIgniter\View\View->CodeIgniter\View\{closure}()
 6 SYSTEMPATH\Common.php(1176): CodeIgniter\View\View->render('daftar_karyawan', [], true)
 7 APPPATH\Controllers\DaftarKaryawanController.php(27): view('daftar_karyawan', [...])
 8 SYSTEMPATH\CodeIgniter.php(932): App\Controllers\DaftarKaryawanController->index()
 9 SYSTEMPATH\CodeIgniter.php(497): CodeIgniter\CodeIgniter->runController(Object(App\Controllers\DaftarKaryawanController))
10 SYSTEMPATH\CodeIgniter.php(366): CodeIgniter\CodeIgniter->handleRequest(null, Object(Config\Cache), false)
11 FCPATH\index.php(67): CodeIgniter\CodeIgniter->run()
12 SYSTEMPATH\Commands\Server\rewrite.php(47): require_once('D:\\SKYWORX\\Project\\good-year-new\\GoodYear\\public\\index.php')
INFO - 2023-09-09 02:22:37 --> Session: Class initialized using 'CodeIgniter\Session\Handlers\FileHandler' driver.
INFO - 2023-09-09 02:22:48 --> Session: Class initialized using 'CodeIgniter\Session\Handlers\FileHandler' driver.
CRITICAL - 2023-09-09 02:22:48 --> include(footer.php): Failed to open stream: No such file or directory
in APPPATH\Views\layout\bawah.php on line 5.
 1 APPPATH\Views\layout\bawah.php(5): CodeIgniter\Debug\Exceptions->errorHandler(2, 'include(footer.php): Failed to open stream: No such file or directory', 'D:\\SKYWORX\\Project\\good-year-new\\GoodYear\\app\\Views\\layout\\bawah.php', 5)
 2 APPPATH\Views\layout\bawah.php(5): include()
 3 APPPATH\Views\daftar_karyawan.php(89): include('D:\\SKYWORX\\Project\\good-year-new\\GoodYear\\app\\Views\\layout\\bawah.php')
 4 SYSTEMPATH\View\View.php(224): include('D:\\SKYWORX\\Project\\good-year-new\\GoodYear\\app\\Views\\daftar_karyawan.php')
 5 SYSTEMPATH\View\View.php(227): CodeIgniter\View\View->CodeIgniter\View\{closure}()
 6 SYSTEMPATH\Common.php(1176): CodeIgniter\View\View->render('daftar_karyawan', [], true)
 7 APPPATH\Controllers\DaftarKaryawanController.php(27): view('daftar_karyawan', [...])
 8 SYSTEMPATH\CodeIgniter.php(932): App\Controllers\DaftarKaryawanController->index()
 9 SYSTEMPATH\CodeIgniter.php(497): CodeIgniter\CodeIgniter->runController(Object(App\Controllers\DaftarKaryawanController))
10 SYSTEMPATH\CodeIgniter.php(366): CodeIgniter\CodeIgniter->handleRequest(null, Object(Config\Cache), false)
11 FCPATH\index.php(67): CodeIgniter\CodeIgniter->run()
12 SYSTEMPATH\Commands\Server\rewrite.php(47): require_once('D:\\SKYWORX\\Project\\good-year-new\\GoodYear\\public\\index.php')
INFO - 2023-09-09 02:23:00 --> Session: Class initialized using 'CodeIgniter\Session\Handlers\FileHandler' driver.
CRITICAL - 2023-09-09 02:23:00 --> include(../kumpulanlink/linkatas.php): Failed to open stream: No such file or directory
in APPPATH\Views\layout\atas.php on line 15.
 1 APPPATH\Views\layout\atas.php(15): CodeIgniter\Debug\Exceptions->errorHandler(2, 'include(../kumpulanlink/linkatas.php): Failed to open stream: No such file or directory', 'D:\\SKYWORX\\Project\\good-year-new\\GoodYear\\app\\Views\\layout\\atas.php', 15)
 2 APPPATH\Views\layout\atas.php(15): include()
 3 APPPATH\Views\daftar_karyawan.php(1): include('D:\\SKYWORX\\Project\\good-year-new\\GoodYear\\app\\Views\\layout\\atas.php')
 4 SYSTEMPATH\View\View.php(224): include('D:\\SKYWORX\\Project\\good-year-new\\GoodYear\\app\\Views\\daftar_karyawan.php')
 5 SYSTEMPATH\View\View.php(227): CodeIgniter\View\View->CodeIgniter\View\{closure}()
 6 SYSTEMPATH\Common.php(1176): CodeIgniter\View\View->render('daftar_karyawan', [], true)
 7 APPPATH\Controllers\DaftarKaryawanController.php(27): view('daftar_karyawan', [...])
 8 SYSTEMPATH\CodeIgniter.php(932): App\Controllers\DaftarKaryawanController->index()
 9 SYSTEMPATH\CodeIgniter.php(497): CodeIgniter\CodeIgniter->runController(Object(App\Controllers\DaftarKaryawanController))
10 SYSTEMPATH\CodeIgniter.php(366): CodeIgniter\CodeIgniter->handleRequest(null, Object(Config\Cache), false)
11 FCPATH\index.php(67): CodeIgniter\CodeIgniter->run()
12 SYSTEMPATH\Commands\Server\rewrite.php(47): require_once('D:\\SKYWORX\\Project\\good-year-new\\GoodYear\\public\\index.php')
INFO - 2023-09-09 02:23:24 --> Session: Class initialized using 'CodeIgniter\Session\Handlers\FileHandler' driver.
CRITICAL - 2023-09-09 02:23:24 --> include(../sidebar.php): Failed to open stream: No such file or directory
in APPPATH\Views\layout\atas.php on line 57.
 1 APPPATH\Views\layout\atas.php(57): CodeIgniter\Debug\Exceptions->errorHandler(2, 'include(../sidebar.php): Failed to open stream: No such file or directory', 'D:\\SKYWORX\\Project\\good-year-new\\GoodYear\\app\\Views\\layout\\atas.php', 57)
 2 APPPATH\Views\layout\atas.php(57): include()
 3 APPPATH\Views\daftar_karyawan.php(1): include('D:\\SKYWORX\\Project\\good-year-new\\GoodYear\\app\\Views\\layout\\atas.php')
 4 SYSTEMPATH\View\View.php(224): include('D:\\SKYWORX\\Project\\good-year-new\\GoodYear\\app\\Views\\daftar_karyawan.php')
 5 SYSTEMPATH\View\View.php(227): CodeIgniter\View\View->CodeIgniter\View\{closure}()
 6 SYSTEMPATH\Common.php(1176): CodeIgniter\View\View->render('daftar_karyawan', [], true)
 7 APPPATH\Controllers\DaftarKaryawanController.php(27): view('daftar_karyawan', [...])
 8 SYSTEMPATH\CodeIgniter.php(932): App\Controllers\DaftarKaryawanController->index()
 9 SYSTEMPATH\CodeIgniter.php(497): CodeIgniter\CodeIgniter->runController(Object(App\Controllers\DaftarKaryawanController))
10 SYSTEMPATH\CodeIgniter.php(366): CodeIgniter\CodeIgniter->handleRequest(null, Object(Config\Cache), false)
11 FCPATH\index.php(67): CodeIgniter\CodeIgniter->run()
12 SYSTEMPATH\Commands\Server\rewrite.php(47): require_once('D:\\SKYWORX\\Project\\good-year-new\\GoodYear\\public\\index.php')
INFO - 2023-09-09 02:23:53 --> Session: Class initialized using 'CodeIgniter\Session\Handlers\FileHandler' driver.
CRITICAL - 2023-09-09 02:23:53 --> include(../navbar.php): Failed to open stream: No such file or directory
in APPPATH\Views\layout\atas.php on line 137.
 1 APPPATH\Views\layout\atas.php(137): CodeIgniter\Debug\Exceptions->errorHandler(2, 'include(../navbar.php): Failed to open stream: No such file or directory', 'D:\\SKYWORX\\Project\\good-year-new\\GoodYear\\app\\Views\\layout\\atas.php', 137)
 2 APPPATH\Views\layout\atas.php(137): include()
 3 APPPATH\Views\daftar_karyawan.php(1): include('D:\\SKYWORX\\Project\\good-year-new\\GoodYear\\app\\Views\\layout\\atas.php')
 4 SYSTEMPATH\View\View.php(224): include('D:\\SKYWORX\\Project\\good-year-new\\GoodYear\\app\\Views\\daftar_karyawan.php')
 5 SYSTEMPATH\View\View.php(227): CodeIgniter\View\View->CodeIgniter\View\{closure}()
 6 SYSTEMPATH\Common.php(1176): CodeIgniter\View\View->render('daftar_karyawan', [], true)
 7 APPPATH\Controllers\DaftarKaryawanController.php(27): view('daftar_karyawan', [...])
 8 SYSTEMPATH\CodeIgniter.php(932): App\Controllers\DaftarKaryawanController->index()
 9 SYSTEMPATH\CodeIgniter.php(497): CodeIgniter\CodeIgniter->runController(Object(App\Controllers\DaftarKaryawanController))
10 SYSTEMPATH\CodeIgniter.php(366): CodeIgniter\CodeIgniter->handleRequest(null, Object(Config\Cache), false)
11 FCPATH\index.php(67): CodeIgniter\CodeIgniter->run()
12 SYSTEMPATH\Commands\Server\rewrite.php(47): require_once('D:\\SKYWORX\\Project\\good-year-new\\GoodYear\\public\\index.php')
INFO - 2023-09-09 02:24:08 --> Session: Class initialized using 'CodeIgniter\Session\Handlers\FileHandler' driver.
CRITICAL - 2023-09-09 02:24:08 --> include(footer.php): Failed to open stream: No such file or directory
in APPPATH\Views\layout\bawah.php on line 5.
 1 APPPATH\Views\layout\bawah.php(5): CodeIgniter\Debug\Exceptions->errorHandler(2, 'include(footer.php): Failed to open stream: No such file or directory', 'D:\\SKYWORX\\Project\\good-year-new\\GoodYear\\app\\Views\\layout\\bawah.php', 5)
 2 APPPATH\Views\layout\bawah.php(5): include()
 3 APPPATH\Views\daftar_karyawan.php(89): include('D:\\SKYWORX\\Project\\good-year-new\\GoodYear\\app\\Views\\layout\\bawah.php')
 4 SYSTEMPATH\View\View.php(224): include('D:\\SKYWORX\\Project\\good-year-new\\GoodYear\\app\\Views\\daftar_karyawan.php')
 5 SYSTEMPATH\View\View.php(227): CodeIgniter\View\View->CodeIgniter\View\{closure}()
 6 SYSTEMPATH\Common.php(1176): CodeIgniter\View\View->render('daftar_karyawan', [], true)
 7 APPPATH\Controllers\DaftarKaryawanController.php(27): view('daftar_karyawan', [...])
 8 SYSTEMPATH\CodeIgniter.php(932): App\Controllers\DaftarKaryawanController->index()
 9 SYSTEMPATH\CodeIgniter.php(497): CodeIgniter\CodeIgniter->runController(Object(App\Controllers\DaftarKaryawanController))
10 SYSTEMPATH\CodeIgniter.php(366): CodeIgniter\CodeIgniter->handleRequest(null, Object(Config\Cache), false)
11 FCPATH\index.php(67): CodeIgniter\CodeIgniter->run()
12 SYSTEMPATH\Commands\Server\rewrite.php(47): require_once('D:\\SKYWORX\\Project\\good-year-new\\GoodYear\\public\\index.php')
INFO - 2023-09-09 02:24:29 --> Session: Class initialized using 'CodeIgniter\Session\Handlers\FileHandler' driver.
CRITICAL - 2023-09-09 02:24:29 --> include(kumpulanscript/linkbawah.php): Failed to open stream: No such file or directory
in APPPATH\Views\layout\bawah.php on line 35.
 1 APPPATH\Views\layout\bawah.php(35): CodeIgniter\Debug\Exceptions->errorHandler(2, 'include(kumpulanscript/linkbawah.php): Failed to open stream: No such file or directory', 'D:\\SKYWORX\\Project\\good-year-new\\GoodYear\\app\\Views\\layout\\bawah.php', 35)
 2 APPPATH\Views\layout\bawah.php(35): include()
 3 APPPATH\Views\daftar_karyawan.php(89): include('D:\\SKYWORX\\Project\\good-year-new\\GoodYear\\app\\Views\\layout\\bawah.php')
 4 SYSTEMPATH\View\View.php(224): include('D:\\SKYWORX\\Project\\good-year-new\\GoodYear\\app\\Views\\daftar_karyawan.php')
 5 SYSTEMPATH\View\View.php(227): CodeIgniter\View\View->CodeIgniter\View\{closure}()
 6 SYSTEMPATH\Common.php(1176): CodeIgniter\View\View->render('daftar_karyawan', [], true)
 7 APPPATH\Controllers\DaftarKaryawanController.php(27): view('daftar_karyawan', [...])
 8 SYSTEMPATH\CodeIgniter.php(932): App\Controllers\DaftarKaryawanController->index()
 9 SYSTEMPATH\CodeIgniter.php(497): CodeIgniter\CodeIgniter->runController(Object(App\Controllers\DaftarKaryawanController))
10 SYSTEMPATH\CodeIgniter.php(366): CodeIgniter\CodeIgniter->handleRequest(null, Object(Config\Cache), false)
11 FCPATH\index.php(67): CodeIgniter\CodeIgniter->run()
12 SYSTEMPATH\Commands\Server\rewrite.php(47): require_once('D:\\SKYWORX\\Project\\good-year-new\\GoodYear\\public\\index.php')
INFO - 2023-09-09 02:24:47 --> Session: Class initialized using 'CodeIgniter\Session\Handlers\FileHandler' driver.
INFO - 2023-09-09 02:26:07 --> Session: Class initialized using 'CodeIgniter\Session\Handlers\FileHandler' driver.
INFO - 2023-09-09 02:27:46 --> Session: Class initialized using 'CodeIgniter\Session\Handlers\FileHandler' driver.
INFO - 2023-09-09 02:27:57 --> Session: Class initialized using 'CodeIgniter\Session\Handlers\FileHandler' driver.
INFO - 2023-09-09 02:28:10 --> Session: Class initialized using 'CodeIgniter\Session\Handlers\FileHandler' driver.
INFO - 2023-09-09 02:28:19 --> Session: Class initialized using 'CodeIgniter\Session\Handlers\FileHandler' driver.
INFO - 2023-09-09 02:28:24 --> Session: Class initialized using 'CodeIgniter\Session\Handlers\FileHandler' driver.
INFO - 2023-09-09 02:28:33 --> Session: Class initialized using 'CodeIgniter\Session\Handlers\FileHandler' driver.
INFO - 2023-09-09 02:28:37 --> Session: Class initialized using 'CodeIgniter\Session\Handlers\FileHandler' driver.
INFO - 2023-09-09 02:28:54 --> Session: Class initialized using 'CodeIgniter\Session\Handlers\FileHandler' driver.
CRITICAL - 2023-09-09 02:28:54 --> include(layout/atas): Failed to open stream: No such file or directory
in APPPATH\Views\daftar_karyawan.php on line 1.
 1 APPPATH\Views\daftar_karyawan.php(1): CodeIgniter\Debug\Exceptions->errorHandler(2, 'include(layout/atas): Failed to open stream: No such file or directory', 'D:\\SKYWORX\\Project\\good-year-new\\GoodYear\\app\\Views\\daftar_karyawan.php', 1)
 2 APPPATH\Views\daftar_karyawan.php(1): include()
 3 SYSTEMPATH\View\View.php(224): include('D:\\SKYWORX\\Project\\good-year-new\\GoodYear\\app\\Views\\daftar_karyawan.php')
 4 SYSTEMPATH\View\View.php(227): CodeIgniter\View\View->CodeIgniter\View\{closure}()
 5 SYSTEMPATH\Common.php(1176): CodeIgniter\View\View->render('daftar_karyawan', [], true)
 6 APPPATH\Controllers\DaftarKaryawanController.php(27): view('daftar_karyawan', [...])
 7 SYSTEMPATH\CodeIgniter.php(932): App\Controllers\DaftarKaryawanController->index()
 8 SYSTEMPATH\CodeIgniter.php(497): CodeIgniter\CodeIgniter->runController(Object(App\Controllers\DaftarKaryawanController))
 9 SYSTEMPATH\CodeIgniter.php(366): CodeIgniter\CodeIgniter->handleRequest(null, Object(Config\Cache), false)
10 FCPATH\index.php(67): CodeIgniter\CodeIgniter->run()
11 SYSTEMPATH\Commands\Server\rewrite.php(47): require_once('D:\\SKYWORX\\Project\\good-year-new\\GoodYear\\public\\index.php')
INFO - 2023-09-09 02:28:58 --> Session: Class initialized using 'CodeIgniter\Session\Handlers\FileHandler' driver.
INFO - 2023-09-09 02:29:40 --> Session: Class initialized using 'CodeIgniter\Session\Handlers\FileHandler' driver.
INFO - 2023-09-09 02:29:52 --> Session: Class initialized using 'CodeIgniter\Session\Handlers\FileHandler' driver.
INFO - 2023-09-09 02:30:01 --> Session: Class initialized using 'CodeIgniter\Session\Handlers\FileHandler' driver.
INFO - 2023-09-09 02:30:05 --> Session: Class initialized using 'CodeIgniter\Session\Handlers\FileHandler' driver.
INFO - 2023-09-09 02:30:13 --> Session: Class initialized using 'CodeIgniter\Session\Handlers\FileHandler' driver.
CRITICAL - 2023-09-09 02:30:13 --> include(kumpulanlink/linkatas.php): Failed to open stream: No such file or directory
in APPPATH\Views\daftar_role.php on line 15.
 1 APPPATH\Views\daftar_role.php(15): CodeIgniter\Debug\Exceptions->errorHandler(2, 'include(kumpulanlink/linkatas.php): Failed to open stream: No such file or directory', 'D:\\SKYWORX\\Project\\good-year-new\\GoodYear\\app\\Views\\daftar_role.php', 15)
 2 APPPATH\Views\daftar_role.php(15): include()
 3 SYSTEMPATH\View\View.php(224): include('D:\\SKYWORX\\Project\\good-year-new\\GoodYear\\app\\Views\\daftar_role.php')
 4 SYSTEMPATH\View\View.php(227): CodeIgniter\View\View->CodeIgniter\View\{closure}()
 5 SYSTEMPATH\Common.php(1176): CodeIgniter\View\View->render('daftar_role', [], true)
 6 APPPATH\Controllers\DaftarRoleController.php(21): view('daftar_role', [...])
 7 SYSTEMPATH\CodeIgniter.php(932): App\Controllers\DaftarRoleController->index()
 8 SYSTEMPATH\CodeIgniter.php(497): CodeIgniter\CodeIgniter->runController(Object(App\Controllers\DaftarRoleController))
 9 SYSTEMPATH\CodeIgniter.php(366): CodeIgniter\CodeIgniter->handleRequest(null, Object(Config\Cache), false)
10 FCPATH\index.php(67): CodeIgniter\CodeIgniter->run()
11 SYSTEMPATH\Commands\Server\rewrite.php(47): require_once('D:\\SKYWORX\\Project\\good-year-new\\GoodYear\\public\\index.php')
INFO - 2023-09-09 02:30:15 --> Session: Class initialized using 'CodeIgniter\Session\Handlers\FileHandler' driver.
INFO - 2023-09-09 02:30:27 --> Session: Class initialized using 'CodeIgniter\Session\Handlers\FileHandler' driver.
INFO - 2023-09-09 02:32:14 --> Session: Class initialized using 'CodeIgniter\Session\Handlers\FileHandler' driver.
INFO - 2023-09-09 02:32:18 --> Session: Class initialized using 'CodeIgniter\Session\Handlers\FileHandler' driver.
INFO - 2023-09-09 02:32:51 --> Session: Class initialized using 'CodeIgniter\Session\Handlers\FileHandler' driver.
INFO - 2023-09-09 02:34:02 --> Session: Class initialized using 'CodeIgniter\Session\Handlers\FileHandler' driver.
INFO - 2023-09-09 02:34:41 --> Session: Class initialized using 'CodeIgniter\Session\Handlers\FileHandler' driver.
INFO - 2023-09-09 02:35:25 --> Session: Class initialized using 'CodeIgniter\Session\Handlers\FileHandler' driver.
INFO - 2023-09-09 02:35:40 --> Session: Class initialized using 'CodeIgniter\Session\Handlers\FileHandler' driver.
INFO - 2023-09-09 02:36:58 --> Session: Class initialized using 'CodeIgniter\Session\Handlers\FileHandler' driver.
INFO - 2023-09-09 02:37:14 --> Session: Class initialized using 'CodeIgniter\Session\Handlers\FileHandler' driver.
INFO - 2023-09-09 02:37:32 --> Session: Class initialized using 'CodeIgniter\Session\Handlers\FileHandler' driver.
INFO - 2023-09-09 03:46:08 --> Session: Class initialized using 'CodeIgniter\Session\Handlers\FileHandler' driver.
INFO - 2023-09-09 03:54:08 --> Session: Class initialized using 'CodeIgniter\Session\Handlers\FileHandler' driver.
INFO - 2023-09-09 03:54:56 --> Session: Class initialized using 'CodeIgniter\Session\Handlers\FileHandler' driver.
INFO - 2023-09-09 03:57:09 --> Session: Class initialized using 'CodeIgniter\Session\Handlers\FileHandler' driver.
INFO - 2023-09-09 03:57:49 --> Session: Class initialized using 'CodeIgniter\Session\Handlers\FileHandler' driver.
INFO - 2023-09-09 03:58:23 --> Session: Class initialized using 'CodeIgniter\Session\Handlers\FileHandler' driver.
INFO - 2023-09-09 03:58:31 --> Session: Class initialized using 'CodeIgniter\Session\Handlers\FileHandler' driver.
INFO - 2023-09-09 03:59:26 --> Session: Class initialized using 'CodeIgniter\Session\Handlers\FileHandler' driver.
INFO - 2023-09-09 03:59:30 --> Session: Class initialized using 'CodeIgniter\Session\Handlers\FileHandler' driver.
INFO - 2023-09-09 03:59:32 --> Session: Class initialized using 'CodeIgniter\Session\Handlers\FileHandler' driver.
INFO - 2023-09-09 03:59:34 --> Session: Class initialized using 'CodeIgniter\Session\Handlers\FileHandler' driver.
INFO - 2023-09-09 03:59:35 --> Session: Class initialized using 'CodeIgniter\Session\Handlers\FileHandler' driver.
INFO - 2023-09-09 03:59:43 --> Session: Class initialized using 'CodeIgniter\Session\Handlers\FileHandler' driver.
INFO - 2023-09-09 03:59:43 --> Session: Class initialized using 'CodeIgniter\Session\Handlers\FileHandler' driver.
INFO - 2023-09-09 03:59:47 --> Session: Class initialized using 'CodeIgniter\Session\Handlers\FileHandler' driver.
INFO - 2023-09-09 05:03:12 --> Session: Class initialized using 'CodeIgniter\Session\Handlers\FileHandler' driver.
CRITICAL - 2023-09-09 05:03:12 --> Call to undefined function validation_list_errors()
in APPPATH\Views\isihalaman\tambah_role.php on line 18.
 1 APPPATH\Views\tambah_role.php(36): include()
 2 SYSTEMPATH\View\View.php(224): include('D:\\SKYWORX\\Project\\good-year-new\\GoodYear\\app\\Views\\tambah_role.php')
 3 SYSTEMPATH\View\View.php(227): CodeIgniter\View\View->CodeIgniter\View\{closure}()
 4 SYSTEMPATH\Common.php(1176): CodeIgniter\View\View->render('tambah_role', [], true)
 5 APPPATH\Controllers\DaftarRoleController.php(30): view('tambah_role', [...])
 6 SYSTEMPATH\CodeIgniter.php(932): App\Controllers\DaftarRoleController->tambah_role()
 7 SYSTEMPATH\CodeIgniter.php(497): CodeIgniter\CodeIgniter->runController(Object(App\Controllers\DaftarRoleController))
 8 SYSTEMPATH\CodeIgniter.php(366): CodeIgniter\CodeIgniter->handleRequest(null, Object(Config\Cache), false)
 9 FCPATH\index.php(67): CodeIgniter\CodeIgniter->run()
10 SYSTEMPATH\Commands\Server\rewrite.php(47): require_once('D:\\SKYWORX\\Project\\good-year-new\\GoodYear\\public\\index.php')
INFO - 2023-09-09 05:04:38 --> Session: Class initialized using 'CodeIgniter\Session\Handlers\FileHandler' driver.
CRITICAL - 2023-09-09 05:04:38 --> Call to undefined function validation_list_errors()
in APPPATH\Views\isihalaman\tambah_role.php on line 18.
 1 APPPATH\Views\tambah_role.php(36): include()
 2 SYSTEMPATH\View\View.php(224): include('D:\\SKYWORX\\Project\\good-year-new\\GoodYear\\app\\Views\\tambah_role.php')
 3 SYSTEMPATH\View\View.php(227): CodeIgniter\View\View->CodeIgniter\View\{closure}()
 4 SYSTEMPATH\Common.php(1176): CodeIgniter\View\View->render('tambah_role', [], true)
 5 APPPATH\Controllers\DaftarRoleController.php(34): view('tambah_role', [...])
 6 SYSTEMPATH\CodeIgniter.php(932): App\Controllers\DaftarRoleController->tambah_role()
 7 SYSTEMPATH\CodeIgniter.php(497): CodeIgniter\CodeIgniter->runController(Object(App\Controllers\DaftarRoleController))
 8 SYSTEMPATH\CodeIgniter.php(366): CodeIgniter\CodeIgniter->handleRequest(null, Object(Config\Cache), false)
 9 FCPATH\index.php(67): CodeIgniter\CodeIgniter->run()
10 SYSTEMPATH\Commands\Server\rewrite.php(47): require_once('D:\\SKYWORX\\Project\\good-year-new\\GoodYear\\public\\index.php')
INFO - 2023-09-09 05:06:18 --> Session: Class initialized using 'CodeIgniter\Session\Handlers\FileHandler' driver.
INFO - 2023-09-09 05:06:22 --> Session: Class initialized using 'CodeIgniter\Session\Handlers\FileHandler' driver.
INFO - 2023-09-09 05:06:24 --> Session: Class initialized using 'CodeIgniter\Session\Handlers\FileHandler' driver.
INFO - 2023-09-09 05:08:11 --> Session: Class initialized using 'CodeIgniter\Session\Handlers\FileHandler' driver.
CRITICAL - 2023-09-09 05:08:11 --> Object of class CodeIgniter\Validation\Validation could not be converted to string
in APPPATH\Views\isihalaman\tambah_role.php on line 18.
 1 APPPATH\Views\tambah_role.php(36): include()
 2 SYSTEMPATH\View\View.php(224): include('D:\\SKYWORX\\Project\\good-year-new\\GoodYear\\app\\Views\\tambah_role.php')
 3 SYSTEMPATH\View\View.php(227): CodeIgniter\View\View->CodeIgniter\View\{closure}()
 4 SYSTEMPATH\Common.php(1176): CodeIgniter\View\View->render('tambah_role', [], true)
 5 APPPATH\Controllers\DaftarRoleController.php(30): view('tambah_role', [...])
 6 SYSTEMPATH\CodeIgniter.php(932): App\Controllers\DaftarRoleController->tambah_role()
 7 SYSTEMPATH\CodeIgniter.php(497): CodeIgniter\CodeIgniter->runController(Object(App\Controllers\DaftarRoleController))
 8 SYSTEMPATH\CodeIgniter.php(366): CodeIgniter\CodeIgniter->handleRequest(null, Object(Config\Cache), false)
 9 FCPATH\index.php(67): CodeIgniter\CodeIgniter->run()
10 SYSTEMPATH\Commands\Server\rewrite.php(47): require_once('D:\\SKYWORX\\Project\\good-year-new\\GoodYear\\public\\index.php')
INFO - 2023-09-09 05:08:31 --> Session: Class initialized using 'CodeIgniter\Session\Handlers\FileHandler' driver.
INFO - 2023-09-09 05:10:55 --> Session: Class initialized using 'CodeIgniter\Session\Handlers\FileHandler' driver.
